Drill Listing
=============
Drill: .01968  Tool: 1  Feed: 95  Speed: 300
X 90150  Y 101561
X 98024  Y 101561
X -22318  Y 91337 X -19169  Y 91337
X -22318  Y 116533 X -19169  Y 116533

Drill: .02362  Tool: 2  Feed: 197  Speed: 550
X -12279  Y 96063
X -12279  Y 111811

Drill: .02953  Tool: 3  Feed: 197  Speed: 550
X 2165  Y 7480
X 8858  Y 7480
X 49409  Y 7480
X 56102  Y 7480
X 12795  Y 190551
X 6102  Y 190551
X -12795  Y 190551
X -19488  Y 190551

Drill: .035  Tool: 4  Feed: 197  Speed: 550
X 3228  Y 86220
X 13228  Y 86220
X 23228  Y 86220
X 180708  Y 43228
X 180708  Y 33228
X 180708  Y 23228
X 101968  Y 129527
X 101968  Y 139527
X 101968  Y 149527
X 101968  Y 162992
X 101968  Y 172992
X 101968  Y 182992

Drill: .03543  Tool: 5  Feed: 197  Speed: 550
X 79921  Y 5512
X 89921  Y 5512
X 99921  Y 5512
X 109921  Y 5512
X 119921  Y 5512
X 129921  Y 5512
X 139921  Y 5512
X 149921  Y 5512
X 169921  Y 5669
X 179921  Y 5669
X 189921  Y 5669
X 199921  Y 5669
X 209921  Y 5669
X 219921  Y 5669
X 88188  Y 152677
X 88188  Y 142677
X 88188  Y 132677
X 74409  Y 155118
X 74409  Y 145118
X 64409  Y 155118
X 64409  Y 145118
X 54409  Y 155118
X 54409  Y 145118
X 44409  Y 155118
X 44409  Y 145118
X -14173  Y 127559
X -14173  Y 137559
X -14173  Y 147559
X -24173  Y 137559
X -24173  Y 127559
X -24173  Y 147559
X -24173  Y 157559
X -14173  Y 157559
X 44921  Y 194330
X 54921  Y 194330
X 64921  Y 194330
X 74921  Y 194330
X 84921  Y 194330
X 88188  Y 182677
X 88188  Y 172677
X 88188  Y 162677
X 94921  Y 194330
X 104921  Y 194330
X 114921  Y 194330
X 124921  Y 194330
X 134921  Y 194330
X 149921  Y 194330
X 159921  Y 194330
X 169921  Y 194330
X 179921  Y 194330
X 189921  Y 194330
X 199921  Y 194330
X 209921  Y 194330
X 219921  Y 194330

Drill: .03937  Tool: 6  Feed: 197  Speed: 550
X 10787  Y 172834
X 20787  Y 172834
X 30787  Y 172834
X 40787  Y 172834

Drill: .04331  Tool: 7  Feed: 139  Speed: 550
X 127165  Y 70472
X 127165  Y 117716
X 127165  Y 133464
X 127165  Y 180708

Drill: .04724  Tool: 8  Feed: 139  Speed: 550
X -20374  Y 27559
X -20374  Y 54330
X 25196  Y 48818
X 54724  Y 48818
X 210236  Y 44881
X 210236  Y 25196
X 210236  Y 74409
X 210236  Y 94094
X 210236  Y 113779
X 175197  Y 70472
X 175197  Y 117716
X 119291  Y 94094
X 119291  Y 157086
X 175197  Y 133464
X 210236  Y 176771
X 210236  Y 137401
X 210236  Y 157086
X 175197  Y 180708

Drill: .07874  Tool: 9  Feed: 81  Speed: 550
X -20078  Y 77165
X 71653  Y 77165
X 71653  Y 170866
X -20078  Y 170866

End of Listing
