"File: Drv_SysClock.c  Assembler  Version HGASM0202      Page 1


   1  0000              ; Generated by holtek-gcc v3.19, Thu Mar 25 17:35:57 2021
   2  0000              ; 
   3  0000              ; Configuration:
   4  0000              ;       with long instruction
   5  0000              ;       Multi-ROM, Multi-RAM
   6  0000              ;       bits_per_rom_unit:16
   7  0000              ;       with mp1
   8  0000              ;       with tbhp, address(0x9)
   9  0000              ;          Use tabrd-const
  10  0000              ;       
  11  0000              ; SFR address of long-instruction arch:
  12  0000              ;    mp0 = -1,1,0
  13  0000              ;    mp1 = 4,3,2
  14  0000              ;    mp2 = 14,13,12
  15  0000              ;    tbp = 9,7,8
  16  0000              ;    acc = 5
  17  0000              ;    pcl = 6
  18  0000              ;    status = 10
  19  0000              ;    bp = 11
  20  0000              ;    intc = 75
  21  0000              ;       
  22  0000              ;       
  23  0000              ; use 'tabrdc' instead of 'tabrd'
  24  0000              ;       
  25  0000              
  26  0000              #pragma translator "holtek-gcc 4.6.4" "3.19" "build 20130711"
  27  0000              ; Rebuild 718
  28  0000              
  29  0000              ir equ [2]
  30  0000              mp equ [3]
  31  0000              sbp equ [4]
  32  0000              acc equ [5]
  33  0000              bp equ [11]
  34  0000              tblp equ [7]
  35  0000              tbhp equ [9]
  36  0000              status equ [10]
  37  0000              c equ [10].0
  38  0000              ac equ [10].1
  39  0000              z equ [10].2
  40  0000              ov equ [10].3
  41  0000              cz equ [10].6
  42  0000              sc equ [10].7
  43  0000              intc equ [75]
  44  0000              
  45  0000              extern ra:byte
  46  0000              extern rb:byte
  47  0000              extern rc:byte
  48  0000              extern rd:byte
  49  0000              extern re:byte
  50  0000              extern rf:byte
  51  0000              extern rg:byte
  52  0000              extern rh:byte
  53  0000              extern _Crom2Prom:near
  54  0000              extern _Crom2PromNext:near
  55  0000              
  56  0000              RAMBANK 0 @BITDATASEC, @BITDATASEC1
  57  0000              @HCCINIT	.section 'data'
  58  0000              @HCCINIT0	.section 'data'
  59  0000              @BITDATASEC	 .section 'data'
"File: Drv_SysClock.ASM  Assembler  Version HGASM0202      Page 2

  60  0000              @BITDATASEC1	 .section 'data'
  61  0000              
  62  0000              #pragma debug scope 1 1
  63  0000              	extern __DELAY3:near
  64  0000              	extern __DELAYX3:near
  65  0000              	extern __DELAYX6:near
  66  0000              	extern __DELAYY5:near
  67  0000              	extern __DELAYY3:near
  68  0000              	extern _builtin_holtek_delay_2:byte
  69  0000              ___hircc equ [17]
  70  0000              ___scc equ [16]
  71  0000              ___lxtc equ [19]
  72  0000              public _Drv_SysClockInit
  73  0000              #pragma debug scope 2 1

  17  0000              #line 17 "E:\Project\17.HT66F4560_EVM_V1.0\CODE\HT66F4560_TuYa_FishTank_V1.0\souce\Drv_SysClock.c"
  17  0000              _Drv_SysClockInit .section 'code'
  17  0000              _Drv_SysClockInit proc
  21  0000              #line 21 "E:\Project\17.HT66F4560_EVM_V1.0\CODE\HT66F4560_TuYa_FishTank_V1.0\souce\Drv_SysClock.c"
  21  0000  0F09        	mov a,9
  21  0001  0091        	mov [17],a
  21  0002              _L3:
  22  0002              #line 22 "E:\Project\17.HT66F4560_EVM_V1.0\CODE\HT66F4560_TuYa_FishTank_V1.0\souce\Drv_SysClock.c"
  22  0002  3891        	snz [17].1
  22  0003  2800     R  	jmp _L3
  62  0004              #line 62 "E:\Project\17.HT66F4560_EVM_V1.0\CODE\HT66F4560_TuYa_FishTank_V1.0\souce\Drv_SysClock.c"
  62  0004  3510        	clr [16].2
  63  0005              #line 63 "E:\Project\17.HT66F4560_EVM_V1.0\CODE\HT66F4560_TuYa_FishTank_V1.0\souce\Drv_SysClock.c"
  63  0005  3013        	set [19].0
  64  0006              #line 64 "E:\Project\17.HT66F4560_EVM_V1.0\CODE\HT66F4560_TuYa_FishTank_V1.0\souce\Drv_SysClock.c"
  64  0006  3010        	set [16].0
  64  0007  0003        	ret
  64  0008              _Drv_SysClockInit endp
  64  0008              #line 64 "E:\Project\17.HT66F4560_EVM_V1.0\CODE\HT66F4560_TuYa_FishTank_V1.0\souce\Drv_SysClock.c"
  64  0008              #pragma debug scope 1 1
  64  0008              #pragma debug struct_end
  64  0008              #pragma debug struct_end
  64  0008              #pragma debug union_end
  64  0008              #pragma debug union_end
  64  0008              #pragma debug variable 43 1 ___scc "__scc" 1
  64  0008              #pragma debug struct_end
  64  0008              #pragma debug struct_end
  64  0008              #pragma debug union_end
  64  0008              #pragma debug union_end
  64  0008              #pragma debug variable 45 1 ___hircc "__hircc" 1
  64  0008              #pragma debug struct_end
  64  0008              #pragma debug struct_end
  64  0008              #pragma debug union_end
  64  0008              #pragma debug union_end
  64  0008              #pragma debug variable 47 1 ___lxtc "__lxtc" 1
  64  0008              
  64  0008              ; 
  64  0008              ; Generated by holtek-gcc v3.19, Thu Mar 25 17:35:57 2021
  64  0008              ; Rebuild 718
  64  0008              ; end of file


        0 Errors, 0