"File: Drv_USIM.c    Assembler  Version HGASM0202      Page 1


   1  0000              ; Generated by holtek-gcc v3.19, Thu Mar 25 17:35:59 2021
   2  0000              ; 
   3  0000              ; Configuration:
   4  0000              ;       with long instruction
   5  0000              ;       Multi-ROM, Multi-RAM
   6  0000              ;       bits_per_rom_unit:16
   7  0000              ;       with mp1
   8  0000              ;       with tbhp, address(0x9)
   9  0000              ;          Use tabrd-const
  10  0000              ;       
  11  0000              ; SFR address of long-instruction arch:
  12  0000              ;    mp0 = -1,1,0
  13  0000              ;    mp1 = 4,3,2
  14  0000              ;    mp2 = 14,13,12
  15  0000              ;    tbp = 9,7,8
  16  0000              ;    acc = 5
  17  0000              ;    pcl = 6
  18  0000              ;    status = 10
  19  0000              ;    bp = 11
  20  0000              ;    intc = 75
  21  0000              ;       
  22  0000              ;       
  23  0000              ; use 'tabrdc' instead of 'tabrd'
  24  0000              ;       
  25  0000              
  26  0000              #pragma translator "holtek-gcc 4.6.4" "3.19" "build 20130711"
  27  0000              ; Rebuild 718
  28  0000              
  29  0000              ir equ [2]
  30  0000              mp equ [3]
  31  0000              sbp equ [4]
  32  0000              acc equ [5]
  33  0000              bp equ [11]
  34  0000              tblp equ [7]
  35  0000              tbhp equ [9]
  36  0000              status equ [10]
  37  0000              c equ [10].0
  38  0000              ac equ [10].1
  39  0000              z equ [10].2
  40  0000              ov equ [10].3
  41  0000              cz equ [10].6
  42  0000              sc equ [10].7
  43  0000              intc equ [75]
  44  0000              
  45  0000              extern ra:byte
  46  0000              extern rb:byte
  47  0000              extern rc:byte
  48  0000              extern rd:byte
  49  0000              extern re:byte
  50  0000              extern rf:byte
  51  0000              extern rg:byte
  52  0000              extern rh:byte
  53  0000              extern _Crom2Prom:near
  54  0000              extern _Crom2PromNext:near
  55  0000              
  56  0000              RAMBANK 0 @BITDATASEC, @BITDATASEC1
  57  0000              @HCCINIT	.section 'data'
  58  0000              @HCCINIT0	.section 'data'
  59  0000              @BITDATASEC	 .section 'data'
"File: Drv_USIM.ASM  Assembler  Version HGASM0202      Page 2

  60  0000              @BITDATASEC1	 .section 'data'
  61  0000              
  62  0000              #pragma debug scope 1 1
  63  0000              	extern __DELAY3:near
  64  0000              	extern __DELAYX3:near
  65  0000              	extern __DELAYX6:near
  66  0000              	extern __DELAYY5:near
  67  0000              	extern __DELAYY3:near
  68  0000              	extern _builtin_holtek_delay_2:byte
  69  0000              ___ucr1 equ [124]
  70  0000              ___ucr2 equ [125]
  71  0000              ___brg equ [127]
  72  0000              ___intc3 equ [78]
  73  0000              ___intc0 equ [75]
  74  0000              ___pbs0 equ [98]
  75  0000              ___pas1 equ [97]
  76  0000              ___ifs0 equ [81]
  77  0000              public _Drv_UART0_Init
  78  0000              #pragma debug scope 2 1

  11  0000              #line 11 "E:\Project\17.HT66F4560_EVM_V1.0\CODE\HT66F4560_TuYa_FishTank_V1.0\souce\Drv_USIM.c"
  11  0000              _Drv_UART0_Init .section 'code'
  11  0000              _Drv_UART0_Init proc
  12  0000              #line 12 "E:\Project\17.HT66F4560_EVM_V1.0\CODE\HT66F4560_TuYa_FishTank_V1.0\souce\Drv_USIM.c"
  12  0000  377C        	clr [124].6
  13  0001              #line 13 "E:\Project\17.HT66F4560_EVM_V1.0\CODE\HT66F4560_TuYa_FishTank_V1.0\souce\Drv_USIM.c"
  13  0001  36FC        	clr [124].5
  14  0002              #line 14 "E:\Project\17.HT66F4560_EVM_V1.0\CODE\HT66F4560_TuYa_FishTank_V1.0\souce\Drv_USIM.c"
  14  0002  367C        	clr [124].4
  15  0003              #line 15 "E:\Project\17.HT66F4560_EVM_V1.0\CODE\HT66F4560_TuYa_FishTank_V1.0\souce\Drv_USIM.c"
  15  0003  35FC        	clr [124].3
  16  0004              #line 16 "E:\Project\17.HT66F4560_EVM_V1.0\CODE\HT66F4560_TuYa_FishTank_V1.0\souce\Drv_USIM.c"
  16  0004  357C        	clr [124].2
  17  0005              #line 17 "E:\Project\17.HT66F4560_EVM_V1.0\CODE\HT66F4560_TuYa_FishTank_V1.0\souce\Drv_USIM.c"
  17  0005  32FD        	set [125].5
  18  0006              #line 18 "E:\Project\17.HT66F4560_EVM_V1.0\CODE\HT66F4560_TuYa_FishTank_V1.0\souce\Drv_USIM.c"
  18  0006  0F33        	mov a,51
  18  0007  00FF        	mov [127],a
  19  0008              #line 19 "E:\Project\17.HT66F4560_EVM_V1.0\CODE\HT66F4560_TuYa_FishTank_V1.0\souce\Drv_USIM.c"
  19  0008  367D        	clr [125].4
  22  0009              #line 22 "E:\Project\17.HT66F4560_EVM_V1.0\CODE\HT66F4560_TuYa_FishTank_V1.0\souce\Drv_USIM.c"
  22  0009  33FC        	set [124].7
  23  000A              #line 23 "E:\Project\17.HT66F4560_EVM_V1.0\CODE\HT66F4560_TuYa_FishTank_V1.0\souce\Drv_USIM.c"
  23  000A  33FD        	set [125].7
  24  000B              #line 24 "E:\Project\17.HT66F4560_EVM_V1.0\CODE\HT66F4560_TuYa_FishTank_V1.0\souce\Drv_USIM.c"
  24  000B  337D        	set [125].6
  28  000C              #line 28 "E:\Project\17.HT66F4560_EVM_V1.0\CODE\HT66F4560_TuYa_FishTank_V1.0\souce\Drv_USIM.c"
  28  000C  317D        	set [125].2
  33  000D              #line 33 "E:\Project\17.HT66F4560_EVM_V1.0\CODE\HT66F4560_TuYa_FishTank_V1.0\souce\Drv_USIM.c"
  33  000D  36CE        	clr [78].5
  34  000E              #line 34 "E:\Project\17.HT66F4560_EVM_V1.0\CODE\HT66F4560_TuYa_FishTank_V1.0\souce\Drv_USIM.c"
  34  000E  30CE        	set [78].1
  36  000F              #line 36 "E:\Project\17.HT66F4560_EVM_V1.0\CODE\HT66F4560_TuYa_FishTank_V1.0\souce\Drv_USIM.c"
  36  000F  304B        	set [75].0
  38  0010              #line 38 "E:\Project\17.HT66F4560_EVM_V1.0\CODE\HT66F4560_TuYa_FishTank_V1.0\souce\Drv_USIM.c"
  38  0010  32E2        	set [98].5
  39  0011              #line 39 "E:\Project\17.HT66F4560_EVM_V1.0\CODE\HT66F4560_TuYa_FishTank_V1.0\souce\Drv_USIM.c"
  39  0011  3662        	clr [98].4
  41  0012              #line 41 "E:\Project\17.HT66F4560_EVM_V1.0\CODE\HT66F4560_TuYa_FishTank_V1.0\souce\Drv_USIM.c"
  41  0012  35E1        	clr [97].3
"File: Drv_USIM.c    Assembler  Version HGASM0202      Page 3

  42  0013              #line 42 "E:\Project\17.HT66F4560_EVM_V1.0\CODE\HT66F4560_TuYa_FishTank_V1.0\souce\Drv_USIM.c"
  42  0013  3161        	set [97].2
  44  0014              #line 44 "E:\Project\17.HT66F4560_EVM_V1.0\CODE\HT66F4560_TuYa_FishTank_V1.0\souce\Drv_USIM.c"
  44  0014  30D1        	set [81].1
  45  0015              #line 45 "E:\Project\17.HT66F4560_EVM_V1.0\CODE\HT66F4560_TuYa_FishTank_V1.0\souce\Drv_USIM.c"
  45  0015  3451        	clr [81].0
  45  0016  0003        	ret
  45  0017              _Drv_UART0_Init endp
  45  0017              #line 45 "E:\Project\17.HT66F4560_EVM_V1.0\CODE\HT66F4560_TuYa_FishTank_V1.0\souce\Drv_USIM.c"
  45  0017              #pragma debug scope 1 1
  45  0017              ___usr equ [123]
  45  0017              ___acc equ [5]
  45  0017              ___txr_rxr equ [126]
  45  0017              public _USIM0_ISR
  45  0017              #pragma debug scope 3 1
  51  0017              #line 51 "E:\Project\17.HT66F4560_EVM_V1.0\CODE\HT66F4560_TuYa_FishTank_V1.0\souce\Drv_USIM.c"
  51  0017              rombank 0 @USIM0_ISR_code
  51  0000              @USIM0_ISR_code .section at 52 'code'
  51  0000  0080     E  	mov r1,a
  51  0001  070B        	mov a,bp
  51  0002  1F0B        	clr bp
  51  0003  2800     R  	jmp _USIM0_ISR
  51  0004              ROMBANK 0 _USIM0_ISR
  51  0004              #pragma debug scope 1 1
  51  0004              @dummy52 endp
  51  0004              #pragma debug scope 4 1
  51  0000              _USIM0_ISR .section 'code'
  51  0000              _USIM0_ISR proc
  51  0000  0080     E  	mov r2,a
  51  0001  070A        	mov a, status
  51  0002  0080     E  	mov r3,a
  51  0003  0703        	mov a,mp
  51  0004  0080     E  	mov r4,a
  51  0005  0704        	mov a,sbp
  51  0006  0080     E  	mov r5,a
  51  0007  0707        	mov a,tblp
  51  0008  0080     E  	mov r6,a
  51  0009  0709        	mov a,tbhp
  51  000A  0080     E  	mov r7,a
  59  000B              #line 59 "E:\Project\17.HT66F4560_EVM_V1.0\CODE\HT66F4560_TuYa_FishTank_V1.0\souce\Drv_USIM.c"
  59  000B  1F00     E  	clr ra
  59  000C  3F7B        	sz [123].6
  59  000D  1480     E  	inc ra
  59  000E  1F00     E  	clr rc
  59  000F  3EFB        	sz [123].5
  59  0010  1480     E  	inc rc
  59  0011  1F00     E  	clr rb
  59  0012  3E7B        	sz [123].4
  59  0013  1480     E  	inc rb
  59  0014  0700     E  	mov a,rc
  59  0015  0580     E  	orm a,ra
  59  0016  0700     E  	mov a,rb
  59  0017  0580     E  	orm a,ra
  59  0018  1E00     E  	snz ra
  59  0019  2800     R  	jmp _L3
  61  001A              #line 61 "E:\Project\17.HT66F4560_EVM_V1.0\CODE\HT66F4560_TuYa_FishTank_V1.0\souce\Drv_USIM.c"
  61  001A  077B        	mov a,[123]
  61  001B  0085        	mov [5],a
  62  001C              #line 62 "E:\Project\17.HT66F4560_EVM_V1.0\CODE\HT66F4560_TuYa_FishTank_V1.0\souce\Drv_USIM.c"
  62  001C  077E        	mov a,[126]
"File: Drv_USIM.c    Assembler  Version HGASM0202      Page 4

  62  001D  0085        	mov [5],a
  62  001E              _L3:
  65  001E              #line 65 "E:\Project\17.HT66F4560_EVM_V1.0\CODE\HT66F4560_TuYa_FishTank_V1.0\souce\Drv_USIM.c"
  65  001E  077B        	mov a,[123]
  65  001F  0080     E  	mov ra,a
  70  0020              #line 70 "E:\Project\17.HT66F4560_EVM_V1.0\CODE\HT66F4560_TuYa_FishTank_V1.0\souce\Drv_USIM.c"
  70  0020  397B        	snz [123].2
  70  0021  2800     R  	jmp _L2
  73  0022              #line 73 "E:\Project\17.HT66F4560_EVM_V1.0\CODE\HT66F4560_TuYa_FishTank_V1.0\souce\Drv_USIM.c"
  73  0022  077E        	mov a,[126]
  73  0023  0080     R  	mov _data_temp[0],a
  74  0024              #line 74 "E:\Project\17.HT66F4560_EVM_V1.0\CODE\HT66F4560_TuYa_FishTank_V1.0\souce\Drv_USIM.c"
  74  0024  0700     R  	mov a,_data_temp[0]
  74  0025  0080     E  	mov ra,a
  74  0026  0700     E  	mov a,ra
  74  0027              	fcall _uart_receive_input
  74  002E              _L2:
  74  002E  0700     E  	mov a,r2
  74  002F  008B        	mov bp,a
  74  0030  0700     E  	mov a,r3
  74  0031  008A        	mov status,a
  74  0032  0700     E  	mov a,r4
  74  0033  0083        	mov mp,a
  74  0034  0700     E  	mov a,r5
  74  0035  0084        	mov sbp,a
  74  0036  0700     E  	mov a,r6
  74  0037  0087        	mov tblp,a
  74  0038  0700     E  	mov a,r7
  74  0039  0089        	mov tbhp,a
  74  003A  1D05        	tabrdc acc
  74  003B  0700     E  	mov a,r1
  74  003C  0004        	reti
  74  003D              _USIM0_ISR endp
  74  003D              
  74  003D              #line 74 "E:\Project\17.HT66F4560_EVM_V1.0\CODE\HT66F4560_TuYa_FishTank_V1.0\souce\Drv_USIM.c"
  74  003D              #pragma debug scope 1 1
  49  003D              #line 49 "E:\Project\17.HT66F4560_EVM_V1.0\CODE\HT66F4560_TuYa_FishTank_V1.0\souce\Drv_USIM.c"
  49  003D              public _data_temp
  49  0000              @HCCINIT0_data_temp .section 'data'
  49  0000              _data_temp	db 0
  49  0001              #pragma debug variable 8 1 _data_temp "data_temp"
  49  0001              
  49  0000              @HCCINIT .section 'data'
  49  0000              #pragma debug variable 8 1 ___acc "__acc" 1
  49  0000              #pragma debug struct_end
  49  0000              #pragma debug struct_end
  49  0000              #pragma debug union_end
  49  0000              #pragma debug union_end
  49  0000              #pragma debug variable 43 1 ___intc0 "__intc0" 1
  49  0000              #pragma debug struct_end
  49  0000              #pragma debug struct_end
  49  0000              #pragma debug union_end
  49  0000              #pragma debug union_end
  49  0000              #pragma debug variable 45 1 ___intc3 "__intc3" 1
  49  0000              #pragma debug struct_end
  49  0000              #pragma debug struct_end
  49  0000              #pragma debug union_end
  49  0000              #pragma debug union_end
  49  0000              #pragma debug variable 47 1 ___ifs0 "__ifs0" 1
  49  0000              #pragma debug struct_end
"File: Drv_USIM.c    Assembler  Version HGASM0202      Page 5

  49  0000              #pragma debug struct_end
  49  0000              #pragma debug union_end
  49  0000              #pragma debug union_end
  49  0000              #pragma debug variable 49 1 ___pas1 "__pas1" 1
  49  0000              #pragma debug struct_end
  49  0000              #pragma debug struct_end
  49  0000              #pragma debug union_end
  49  0000              #pragma debug union_end
  49  0000              #pragma debug variable 51 1 ___pbs0 "__pbs0" 1
  49  0000              #pragma debug struct_end
  49  0000              #pragma debug struct_end
  49  0000              #pragma debug union_end
  49  0000              #pragma debug union_end
  49  0000              #pragma debug variable 53 1 ___usr "__usr" 1
  49  0000              #pragma debug struct_end
  49  0000              #pragma debug struct_end
  49  0000              #pragma debug union_end
  49  0000              #pragma debug union_end
  49  0000              #pragma debug variable 55 1 ___ucr1 "__ucr1" 1
  49  0000              #pragma debug struct_end
  49  0000              #pragma debug struct_end
  49  0000              #pragma debug union_end
  49  0000              #pragma debug union_end
  49  0000              #pragma debug variable 57 1 ___ucr2 "__ucr2" 1
  49  0000              #pragma debug struct_end
  49  0000              #pragma debug struct_end
  49  0000              #pragma debug union_end
  49  0000              #pragma debug union_end
  49  0000              #pragma debug variable 59 1 ___txr_rxr "__txr_rxr" 1
  49  0000              #pragma debug struct_end
  49  0000              #pragma debug struct_end
  49  0000              #pragma debug union_end
  49  0000              #pragma debug union_end
  49  0000              #pragma debug variable 61 1 ___brg "__brg" 1
  49  0000              extern r1:byte
  49  0000              extern r2:byte
  49  0000              extern r3:byte
  49  0000              extern r4:byte
  49  0000              extern r5:byte
  49  0000              extern r6:byte
  49  0000              extern r7:byte
  49  0000              extern _uart_receive_input:near
  49  0000              
  49  0000              ; 
  49  0000              ; Generated by holtek-gcc v3.19, Thu Mar 25 17:35:59 2021
  49  0000              ; Rebuild 718
  49  0000              ; end of file


        0 Errors, 0