"File: oled_ku.c     Assembler  Version HGASM0202      Page 1


   1  0000              ; Generated by holtek-gcc v3.19, Tue Mar 23 10:58:04 2021
   2  0000              ; 
   3  0000              ; Configuration:
   4  0000              ;       with long instruction
   5  0000              ;       Multi-ROM, Multi-RAM
   6  0000              ;       bits_per_rom_unit:16
   7  0000              ;       with mp1
   8  0000              ;       with tbhp, address(0x9)
   9  0000              ;          Use tabrd-const
  10  0000              ;       
  11  0000              ; SFR address of long-instruction arch:
  12  0000              ;    mp0 = -1,1,0
  13  0000              ;    mp1 = 4,3,2
  14  0000              ;    mp2 = 14,13,12
  15  0000              ;    tbp = 9,7,8
  16  0000              ;    acc = 5
  17  0000              ;    pcl = 6
  18  0000              ;    status = 10
  19  0000              ;    bp = 11
  20  0000              ;    intc = 75
  21  0000              ;       
  22  0000              ;       
  23  0000              ; use 'tabrdc' instead of 'tabrd'
  24  0000              ;       
  25  0000              
  26  0000              #pragma translator "holtek-gcc 4.6.4" "3.19" "build 20130711"
  27  0000              ; Rebuild 718
  28  0000              
  29  0000              ir equ [2]
  30  0000              mp equ [3]
  31  0000              sbp equ [4]
  32  0000              acc equ [5]
  33  0000              bp equ [11]
  34  0000              tblp equ [7]
  35  0000              tbhp equ [9]
  36  0000              status equ [10]
  37  0000              c equ [10].0
  38  0000              ac equ [10].1
  39  0000              z equ [10].2
  40  0000              ov equ [10].3
  41  0000              cz equ [10].6
  42  0000              sc equ [10].7
  43  0000              intc equ [75]
  44  0000              
  45  0000              extern ra:byte
  46  0000              extern rb:byte
  47  0000              extern rc:byte
  48  0000              extern rd:byte
  49  0000              extern re:byte
  50  0000              extern rf:byte
  51  0000              extern rg:byte
  52  0000              extern rh:byte
  53  0000              extern _Crom2Prom:near
  54  0000              extern _Crom2PromNext:near
  55  0000              
  56  0000              RAMBANK 0 @BITDATASEC, @BITDATASEC1
  57  0000              @HCCINIT	.section 'data'
  58  0000              @HCCINIT0	.section 'data'
  59  0000              @BITDATASEC	 .section 'data'
"File: oled_ku.ASM   Assembler  Version HGASM0202      Page 2

  60  0000              @BITDATASEC1	 .section 'data'
  61  0000              
  62  0000              #pragma debug scope 1 1
  63  0000              	extern __DELAY3:near
  64  0000              	extern __DELAYX3:near
  65  0000              	extern __DELAYX6:near
  66  0000              	extern __DELAYY5:near
  67  0000              	extern __DELAYY3:near
  68  0000              	extern _builtin_holtek_delay_2:byte
  69  0000              public _LOGO_VIKING
  70  0000              @crom	.section 'crom'

 172  0000              #line 172 "E:\Project\17.HT66F4560_EVM_V1.0\CODE\HT66F4560_TuYa_FishTank_V1.0\souce\oled_ku.c"
 172  0000              @crom	.section	'crom'
 172  0000              _LOGO_VIKING:
 172  0000              #pragma debug array 42 8 1024 1
 172  0000              #pragma debug array 42 8 1024 1
 172  0000              #pragma debug variable 42 1 _LOGO_VIKING "LOGO_VIKING"
 172  0000              	db 0
 172  0001              	db 0
 172  0001              	db 0
 172  0002              	db 0
 172  0002              	db 0
 172  0003              	db 0
 172  0003              	db 0
 172  0004              	db 0
 172  0004              	db 0
 172  0005              	db 0
 172  0005              	db 0
 172  0006              	db 0
 172  0006              	db 0
 172  0007              	db 0
 172  0007              	db 0
 172  0008              	db 0
 172  0008              	db 0
 172  0009              	db 48
 172  0009              	db -16
 172  000A              	db -16
 172  000A              	db 48
 172  000B              	db 0
 172  000B              	db 48
 172  000C              	db -16
 172  000C              	db -16
 172  000D              	db 48
 172  000D              	db 0
 172  000E              	db 112
 172  000E              	db 48
 172  000F              	db 48
 172  000F              	db -16
 172  0010              	db -16
 172  0010              	db 48
 172  0011              	db 112
 172  0011              	db 48
 172  0012              	db -128
 172  0012              	db -64
 172  0013              	db -32
 172  0013              	db -16
 172  0014              	db -80
 172  0014              	db 16
 172  0015              	db 0
"File: oled_ku.c     Assembler  Version HGASM0202      Page 3

 172  0015              	db -128
 172  0016              	db -64
 172  0016              	db -32
 172  0017              	db -80
 172  0017              	db -80
 172  0018              	db 16
 172  0018              	db 0
 172  0019              	db -16
 172  0019              	db -16
 172  001A              	db 48
 172  001A              	db 48
 172  001B              	db 48
 172  001B              	db 16
 172  001C              	db 0
 172  001C              	db 96
 172  001D              	db 48
 172  001D              	db 48
 172  001E              	db -16
 172  001E              	db -32
 172  001F              	db 0
 172  001F              	db 0
 172  0020              	db 96
 172  0020              	db 48
 172  0021              	db 48
 172  0021              	db -16
 172  0022              	db -32
 172  0022              	db 0
 172  0023              	db -128
 172  0023              	db -64
 172  0024              	db -32
 172  0024              	db -16
 172  0025              	db -80
 172  0025              	db 16
 172  0026              	db 0
 172  0026              	db -64
 172  0027              	db -32
 172  0027              	db 48
 172  0028              	db 48
 172  0028              	db -32
 172  0029              	db -64
 172  0029              	db 0
 172  002A              	db 0
 172  002A              	db 0
 172  002B              	db 0
 172  002B              	db 0
 172  002C              	db 0
 172  002C              	db 0
 172  002D              	db 48
 172  002D              	db 112
 172  002E              	db -16
 172  002E              	db -80
 172  002F              	db 0
 172  002F              	db 0
 172  0030              	db -80
 172  0030              	db -16
 172  0031              	db 48
 172  0031              	db 16
 172  0032              	db 0
 172  0032              	db 96
 172  0033              	db -16
"File: oled_ku.c     Assembler  Version HGASM0202      Page 4

 172  0033              	db -16
 172  0034              	db 0
 172  0034              	db 0
 172  0035              	db 0
 172  0035              	db 0
 172  0036              	db 0
 172  0036              	db 0
 172  0037              	db -64
 172  0037              	db -32
 172  0038              	db 48
 172  0038              	db 48
 172  0039              	db -32
 172  0039              	db -64
 172  003A              	db 0
 172  003A              	db 0
 172  003B              	db 0
 172  003B              	db 0
 172  003C              	db 0
 172  003C              	db 0
 172  003D              	db 0
 172  003D              	db 0
 172  003E              	db 0
 172  003E              	db 0
 172  003F              	db 0
 172  003F              	db 0
 172  0040              	db 0
 172  0040              	db 0
 172  0041              	db 0
 172  0041              	db 0
 172  0042              	db 0
 172  0042              	db 0
 172  0043              	db 0
 172  0043              	db 0
 172  0044              	db 0
 172  0044              	db 0
 172  0045              	db 0
 172  0045              	db 0
 172  0046              	db 0
 172  0046              	db 0
 172  0047              	db 0
 172  0047              	db 0
 172  0048              	db 0
 172  0048              	db 0
 172  0049              	db 48
 172  0049              	db 63
 172  004A              	db 63
 172  004A              	db 51
 172  004B              	db 3
 172  004B              	db 51
 172  004C              	db 63
 172  004C              	db 63
 172  004D              	db 48
 172  004D              	db 0
 172  004E              	db 0
 172  004E              	db 0
 172  004F              	db 0
 172  004F              	db 63
 172  0050              	db 63
 172  0050              	db 0
 172  0051              	db 0
"File: oled_ku.c     Assembler  Version HGASM0202      Page 5

 172  0051              	db 0
 172  0052              	db 15
 172  0052              	db 25
 172  0053              	db 48
 172  0053              	db 48
 172  0054              	db 25
 172  0054              	db 15
 172  0055              	db 0
 172  0055              	db 31
 172  0056              	db 25
 172  0056              	db 48
 172  0057              	db 48
 172  0057              	db 25
 172  0058              	db 7
 172  0058              	db 0
 172  0059              	db 63
 172  0059              	db 63
 172  005A              	db 3
 172  005A              	db 3
 172  005B              	db 3
 172  005B              	db 0
 172  005C              	db 0
 172  005C              	db 48
 172  005D              	db 56
 172  005D              	db 62
 172  005E              	db 55
 172  005E              	db 49
 172  005F              	db 24
 172  005F              	db 0
 172  0060              	db 24
 172  0060              	db 32
 172  0061              	db 34
 172  0061              	db 63
 172  0062              	db 29
 172  0062              	db 0
 172  0063              	db 15
 172  0063              	db 25
 172  0064              	db 48
 172  0064              	db 48
 172  0065              	db 25
 172  0065              	db 15
 172  0066              	db 0
 172  0066              	db 15
 172  0067              	db 31
 172  0067              	db 48
 172  0068              	db 48
 172  0068              	db 31
 172  0069              	db 15
 172  0069              	db -128
 172  006A              	db -128
 172  006A              	db -128
 172  006B              	db -128
 172  006B              	db -128
 172  006C              	db -128
 172  006C              	db -128
 172  006D              	db 0
 172  006D              	db 0
 172  006E              	db 3
 172  006E              	db 15
 172  006F              	db 62
"File: oled_ku.c     Assembler  Version HGASM0202      Page 6

 172  006F              	db 60
 172  0070              	db 7
 172  0070              	db 0
 172  0071              	db 0
 172  0071              	db 0
 172  0072              	db 0
 172  0072              	db 48
 172  0073              	db 63
 172  0073              	db 63
 172  0074              	db 48
 172  0074              	db 0
 172  0075              	db 0
 172  0075              	db 48
 172  0076              	db 48
 172  0076              	db 0
 172  0077              	db 15
 172  0077              	db 31
 172  0078              	db 48
 172  0078              	db 48
 172  0079              	db 31
 172  0079              	db 15
 172  007A              	db 0
 172  007A              	db 0
 172  007B              	db 0
 172  007B              	db 0
 172  007C              	db 0
 172  007C              	db 0
 172  007D              	db 0
 172  007D              	db 0
 172  007E              	db 0
 172  007E              	db 0
 172  007F              	db 0
 172  007F              	db 0
 172  0080              	db 0
 172  0080              	db 0
 172  0081              	db 0
 172  0081              	db 0
 172  0082              	db 0
 172  0082              	db 0
 172  0083              	db 0
 172  0083              	db 0
 172  0084              	db 0
 172  0084              	db 0
 172  0085              	db 0
 172  0085              	db 0
 172  0086              	db 0
 172  0086              	db 0
 172  0087              	db 0
 172  0087              	db 0
 172  0088              	db 0
 172  0088              	db 0
 172  0089              	db 0
 172  0089              	db 0
 172  008A              	db 0
 172  008A              	db 0
 172  008B              	db 0
 172  008B              	db 0
 172  008C              	db 0
 172  008C              	db 0
 172  008D              	db 0
"File: oled_ku.c     Assembler  Version HGASM0202      Page 7

 172  008D              	db 0
 172  008E              	db 0
 172  008E              	db 0
 172  008F              	db 0
 172  008F              	db 0
 172  0090              	db 0
 172  0090              	db 0
 172  0091              	db 0
 172  0091              	db 0
 172  0092              	db 0
 172  0092              	db 0
 172  0093              	db 0
 172  0093              	db 0
 172  0094              	db 0
 172  0094              	db 0
 172  0095              	db 0
 172  0095              	db 0
 172  0096              	db 0
 172  0096              	db 0
 172  0097              	db 0
 172  0097              	db 0
 172  0098              	db 0
 172  0098              	db 0
 172  0099              	db 0
 172  0099              	db 0
 172  009A              	db 0
 172  009A              	db 0
 172  009B              	db 0
 172  009B              	db 0
 172  009C              	db 0
 172  009C              	db 0
 172  009D              	db 0
 172  009D              	db 0
 172  009E              	db 0
 172  009E              	db 0
 172  009F              	db 0
 172  009F              	db 0
 172  00A0              	db 0
 172  00A0              	db 0
 172  00A1              	db 0
 172  00A1              	db 0
 172  00A2              	db 0
 172  00A2              	db 0
 172  00A3              	db 0
 172  00A3              	db 0
 172  00A4              	db 0
 172  00A4              	db 0
 172  00A5              	db 0
 172  00A5              	db 0
 172  00A6              	db 0
 172  00A6              	db 0
 172  00A7              	db 0
 172  00A7              	db 0
 172  00A8              	db 0
 172  00A8              	db 0
 172  00A9              	db 0
 172  00A9              	db 0
 172  00AA              	db 0
 172  00AA              	db 0
 172  00AB              	db 0
"File: oled_ku.c     Assembler  Version HGASM0202      Page 8

 172  00AB              	db 0
 172  00AC              	db 0
 172  00AC              	db 0
 172  00AD              	db 0
 172  00AD              	db 0
 172  00AE              	db 0
 172  00AE              	db 0
 172  00AF              	db 0
 172  00AF              	db 0
 172  00B0              	db 0
 172  00B0              	db 0
 172  00B1              	db 0
 172  00B1              	db 0
 172  00B2              	db 0
 172  00B2              	db 0
 172  00B3              	db 0
 172  00B3              	db 0
 172  00B4              	db 0
 172  00B4              	db 0
 172  00B5              	db 0
 172  00B5              	db 0
 172  00B6              	db 0
 172  00B6              	db 0
 172  00B7              	db 0
 172  00B7              	db 0
 172  00B8              	db 0
 172  00B8              	db 0
 172  00B9              	db 0
 172  00B9              	db 0
 172  00BA              	db 0
 172  00BA              	db 0
 172  00BB              	db 0
 172  00BB              	db 0
 172  00BC              	db 0
 172  00BC              	db 0
 172  00BD              	db 0
 172  00BD              	db 0
 172  00BE              	db 0
 172  00BE              	db 0
 172  00BF              	db 0
 172  00BF              	db 0
 172  00C0              	db 0
 172  00C0              	db 0
 172  00C1              	db 0
 172  00C1              	db 0
 172  00C2              	db 0
 172  00C2              	db 0
 172  00C3              	db 0
 172  00C3              	db 0
 172  00C4              	db 0
 172  00C4              	db 0
 172  00C5              	db 0
 172  00C5              	db 0
 172  00C6              	db 0
 172  00C6              	db 0
 172  00C7              	db 0
 172  00C7              	db 0
 172  00C8              	db 0
 172  00C8              	db 0
 172  00C9              	db 0
"File: oled_ku.c     Assembler  Version HGASM0202      Page 9

 172  00C9              	db 0
 172  00CA              	db 0
 172  00CA              	db 0
 172  00CB              	db 0
 172  00CB              	db 0
 172  00CC              	db 0
 172  00CC              	db 0
 172  00CD              	db 0
 172  00CD              	db 0
 172  00CE              	db 0
 172  00CE              	db 0
 172  00CF              	db 0
 172  00CF              	db 0
 172  00D0              	db -98
 172  00D0              	db 63
 172  00D1              	db 49
 172  00D1              	db 113
 172  00D2              	db 99
 172  00D2              	db -25
 172  00D3              	db -57
 172  00D3              	db 0
 172  00D4              	db 32
 172  00D4              	db -16
 172  00D5              	db -16
 172  00D5              	db 48
 172  00D6              	db 16
 172  00D6              	db -16
 172  00D7              	db -16
 172  00D7              	db 48
 172  00D8              	db 16
 172  00D8              	db -16
 172  00D9              	db -32
 172  00D9              	db 0
 172  00DA              	db 0
 172  00DA              	db -80
 172  00DB              	db -80
 172  00DB              	db -48
 172  00DC              	db 112
 172  00DC              	db -16
 172  00DD              	db 96
 172  00DD              	db 0
 172  00DE              	db 16
 172  00DE              	db -16
 172  00DF              	db -16
 172  00DF              	db 48
 172  00E0              	db 16
 172  00E0              	db 16
 172  00E1              	db -4
 172  00E1              	db -4
 172  00E2              	db 16
 172  00E2              	db 16
 172  00E3              	db 0
 172  00E3              	db 0
 172  00E4              	db 0
 172  00E4              	db 0
 172  00E5              	db 0
 172  00E5              	db 0
 172  00E6              	db 0
 172  00E6              	db 1
 172  00E7              	db 1
"File: oled_ku.c     Assembler  Version HGASM0202      Page 10

 172  00E7              	db 3
 172  00E8              	db 15
 172  00E8              	db 61
 172  00E9              	db -7
 172  00E9              	db -32
 172  00EA              	db 56
 172  00EA              	db 29
 172  00EB              	db 7
 172  00EB              	db 3
 172  00EC              	db 17
 172  00EC              	db 16
 172  00ED              	db -16
 172  00ED              	db -16
 172  00EE              	db 0
 172  00EE              	db 16
 172  00EF              	db -16
 172  00EF              	db -16
 172  00F0              	db 0
 172  00F0              	db 32
 172  00F1              	db -16
 172  00F1              	db -16
 172  00F2              	db 48
 172  00F2              	db 16
 172  00F3              	db -16
 172  00F3              	db -16
 172  00F4              	db 0
 172  00F4              	db 0
 172  00F5              	db 0
 172  00F5              	db 0
 172  00F6              	db 0
 172  00F6              	db 0
 172  00F7              	db 0
 172  00F7              	db 0
 172  00F8              	db 0
 172  00F8              	db 0
 172  00F9              	db 0
 172  00F9              	db 0
 172  00FA              	db 0
 172  00FA              	db 0
 172  00FB              	db 0
 172  00FB              	db 0
 172  00FC              	db 0
 172  00FC              	db 0
 172  00FD              	db 0
 172  00FD              	db 0
 172  00FE              	db 0
 172  00FE              	db 0
 172  00FF              	db 0
 172  00FF              	db 0
 172  0100              	db 0
 172  0100              	db 0
 172  0101              	db 0
 172  0101              	db 0
 172  0102              	db 0
 172  0102              	db 0
 172  0103              	db 0
 172  0103              	db 0
 172  0104              	db 0
 172  0104              	db 0
 172  0105              	db 0
"File: oled_ku.c     Assembler  Version HGASM0202      Page 11

 172  0105              	db 0
 172  0106              	db 0
 172  0106              	db 0
 172  0107              	db 0
 172  0107              	db 0
 172  0108              	db 0
 172  0108              	db 0
 172  0109              	db 0
 172  0109              	db 0
 172  010A              	db 0
 172  010A              	db 0
 172  010B              	db 0
 172  010B              	db 0
 172  010C              	db 0
 172  010C              	db 0
 172  010D              	db 0
 172  010D              	db 0
 172  010E              	db 0
 172  010E              	db 0
 172  010F              	db 0
 172  010F              	db 0
 172  0110              	db 7
 172  0110              	db 6
 172  0111              	db 4
 172  0111              	db 4
 172  0112              	db 4
 172  0112              	db 7
 172  0113              	db 3
 172  0113              	db 0
 172  0114              	db 4
 172  0114              	db 7
 172  0115              	db 7
 172  0115              	db 0
 172  0116              	db 0
 172  0116              	db 7
 172  0117              	db 7
 172  0117              	db 0
 172  0118              	db 0
 172  0118              	db 7
 172  0119              	db 7
 172  0119              	db 0
 172  011A              	db 0
 172  011A              	db 7
 172  011B              	db 7
 172  011B              	db 4
 172  011C              	db 6
 172  011C              	db 7
 172  011D              	db 4
 172  011D              	db 0
 172  011E              	db 4
 172  011E              	db 7
 172  011F              	db 7
 172  011F              	db 4
 172  0120              	db 0
 172  0120              	db 0
 172  0121              	db 7
 172  0121              	db 7
 172  0122              	db 6
 172  0122              	db 34
 172  0123              	db 32
"File: oled_ku.c     Assembler  Version HGASM0202      Page 12

 172  0123              	db 32
 172  0124              	db 32
 172  0124              	db 32
 172  0125              	db 32
 172  0125              	db 32
 172  0126              	db 32
 172  0126              	db 32
 172  0127              	db 0
 172  0127              	db 0
 172  0128              	db 0
 172  0128              	db 4
 172  0129              	db 7
 172  0129              	db 7
 172  012A              	db 4
 172  012A              	db 4
 172  012B              	db 0
 172  012B              	db 0
 172  012C              	db 0
 172  012C              	db 0
 172  012D              	db 7
 172  012D              	db 7
 172  012E              	db 4
 172  012E              	db 4
 172  012F              	db 7
 172  012F              	db 7
 172  0130              	db 2
 172  0130              	db 0
 172  0131              	db 7
 172  0131              	db 7
 172  0132              	db 0
 172  0132              	db 0
 172  0133              	db 7
 172  0133              	db 7
 172  0134              	db 4
 172  0134              	db 0
 172  0135              	db 0
 172  0135              	db 0
 172  0136              	db 0
 172  0136              	db 0
 172  0137              	db 0
 172  0137              	db 0
 172  0138              	db 0
 172  0138              	db 0
 172  0139              	db 0
 172  0139              	db 0
 172  013A              	db 0
 172  013A              	db 0
 172  013B              	db 0
 172  013B              	db 0
 172  013C              	db 0
 172  013C              	db 0
 172  013D              	db 0
 172  013D              	db 0
 172  013E              	db 0
 172  013E              	db 0
 172  013F              	db 0
 172  013F              	db 0
 172  0140              	db 0
 172  0140              	db 0
 172  0141              	db 0
"File: oled_ku.c     Assembler  Version HGASM0202      Page 13

 172  0141              	db 0
 172  0142              	db 0
 172  0142              	db 0
 172  0143              	db 0
 172  0143              	db 0
 172  0144              	db 0
 172  0144              	db 0
 172  0145              	db 0
 172  0145              	db 0
 172  0146              	db 0
 172  0146              	db 0
 172  0147              	db 0
 172  0147              	db 0
 172  0148              	db 0
 172  0148              	db 32
 172  0149              	db -32
 172  0149              	db -32
 172  014A              	db 32
 172  014A              	db 32
 172  014B              	db 0
 172  014B              	db -96
 172  014C              	db -32
 172  014C              	db 96
 172  014D              	db 64
 172  014D              	db 0
 172  014E              	db 0
 172  014E              	db -96
 172  014F              	db -32
 172  014F              	db 96
 172  0150              	db 0
 172  0150              	db 0
 172  0151              	db 0
 172  0151              	db 0
 172  0152              	db 64
 172  0152              	db 64
 172  0153              	db 64
 172  0153              	db 0
 172  0154              	db 0
 172  0154              	db 0
 172  0155              	db 0
 172  0155              	db 0
 172  0156              	db 0
 172  0156              	db 0
 172  0157              	db 0
 172  0157              	db 0
 172  0158              	db 0
 172  0158              	db 0
 172  0159              	db 0
 172  0159              	db 0
 172  015A              	db 0
 172  015A              	db 0
 172  015B              	db 0
 172  015B              	db 0
 172  015C              	db 0
 172  015C              	db 0
 172  015D              	db 0
 172  015D              	db 0
 172  015E              	db 0
 172  015E              	db 0
 172  015F              	db 0
"File: oled_ku.c     Assembler  Version HGASM0202      Page 14

 172  015F              	db 0
 172  0160              	db 0
 172  0160              	db 0
 172  0161              	db 0
 172  0161              	db 0
 172  0162              	db 0
 172  0162              	db 0
 172  0163              	db 0
 172  0163              	db 0
 172  0164              	db 0
 172  0164              	db 0
 172  0165              	db 0
 172  0165              	db 0
 172  0166              	db 0
 172  0166              	db 0
 172  0167              	db 0
 172  0167              	db 0
 172  0168              	db 0
 172  0168              	db 0
 172  0169              	db 0
 172  0169              	db 0
 172  016A              	db 0
 172  016A              	db 0
 172  016B              	db 0
 172  016B              	db 0
 172  016C              	db 0
 172  016C              	db 0
 172  016D              	db 0
 172  016D              	db 0
 172  016E              	db 0
 172  016E              	db 0
 172  016F              	db 0
 172  016F              	db 0
 172  0170              	db 0
 172  0170              	db 0
 172  0171              	db 0
 172  0171              	db 0
 172  0172              	db 0
 172  0172              	db 0
 172  0173              	db 0
 172  0173              	db 0
 172  0174              	db 0
 172  0174              	db 0
 172  0175              	db 0
 172  0175              	db 0
 172  0176              	db 0
 172  0176              	db 0
 172  0177              	db 0
 172  0177              	db 0
 172  0178              	db 0
 172  0178              	db 0
 172  0179              	db 0
 172  0179              	db 0
 172  017A              	db 0
 172  017A              	db 0
 172  017B              	db 0
 172  017B              	db 0
 172  017C              	db 0
 172  017C              	db 0
 172  017D              	db 0
"File: oled_ku.c     Assembler  Version HGASM0202      Page 15

 172  017D              	db 0
 172  017E              	db 0
 172  017E              	db 0
 172  017F              	db 0
 172  017F              	db 0
 172  0180              	db 0
 172  0180              	db 0
 172  0181              	db 0
 172  0181              	db 0
 172  0182              	db 0
 172  0182              	db 0
 172  0183              	db 0
 172  0183              	db 0
 172  0184              	db 0
 172  0184              	db 0
 172  0185              	db 0
 172  0185              	db 0
 172  0186              	db 0
 172  0186              	db 0
 172  0187              	db 0
 172  0187              	db 0
 172  0188              	db 0
 172  0188              	db 0
 172  0189              	db -1
 172  0189              	db 111
 172  018A              	db 24
 172  018A              	db 12
 172  018B              	db 7
 172  018B              	db 1
 172  018C              	db -62
 172  018C              	db -6
 172  018D              	db -34
 172  018D              	db 66
 172  018E              	db -64
 172  018E              	db -8
 172  018F              	db 31
 172  018F              	db 59
 172  0190              	db -2
 172  0190              	db -122
 172  0191              	db -62
 172  0191              	db 2
 172  0192              	db -14
 172  0192              	db -2
 172  0193              	db 78
 172  0193              	db 0
 172  0194              	db -30
 172  0194              	db -2
 172  0195              	db 62
 172  0195              	db 12
 172  0196              	db -58
 172  0196              	db -6
 172  0197              	db -2
 172  0197              	db 68
 172  0198              	db 24
 172  0198              	db -4
 172  0199              	db -2
 172  0199              	db -94
 172  019A              	db -78
 172  019A              	db 62
 172  019B              	db 30
"File: oled_ku.c     Assembler  Version HGASM0202      Page 16

 172  019B              	db 2
 172  019C              	db 0
 172  019C              	db 0
 172  019D              	db 0
 172  019D              	db 0
 172  019E              	db 0
 172  019E              	db 0
 172  019F              	db 0
 172  019F              	db 0
 172  01A0              	db 0
 172  01A0              	db 0
 172  01A1              	db 0
 172  01A1              	db 0
 172  01A2              	db 0
 172  01A2              	db 0
 172  01A3              	db 0
 172  01A3              	db 0
 172  01A4              	db 3
 172  01A4              	db 3
 172  01A5              	db 1
 172  01A5              	db -1
 172  01A6              	db -1
 172  01A6              	db 1
 172  01A7              	db 3
 172  01A7              	db 3
 172  01A8              	db 0
 172  01A8              	db -125
 172  01A9              	db -63
 172  01A9              	db 99
 172  01AA              	db 63
 172  01AA              	db -114
 172  01AB              	db 0
 172  01AB              	db -2
 172  01AC              	db -1
 172  01AC              	db 1
 172  01AD              	db 1
 172  01AD              	db -1
 172  01AE              	db -2
 172  01AE              	db 0
 172  01AF              	db 3
 172  01AF              	db -127
 172  01B0              	db 97
 172  01B0              	db 63
 172  01B1              	db -114
 172  01B1              	db 0
 172  01B2              	db -2
 172  01B2              	db -1
 172  01B3              	db 1
 172  01B3              	db 1
 172  01B4              	db -1
 172  01B4              	db -2
 172  01B5              	db 0
 172  01B5              	db 64
 172  01B6              	db 64
 172  01B6              	db 64
 172  01B7              	db 0
 172  01B7              	db 0
 172  01B8              	db -2
 172  01B8              	db -125
 172  01B9              	db 1
"File: oled_ku.c     Assembler  Version HGASM0202      Page 17

 172  01B9              	db -125
 172  01BA              	db -2
 172  01BA              	db 0
 172  01BB              	db -58
 172  01BB              	db 41
 172  01BC              	db 57
 172  01BC              	db 57
 172  01BD              	db 41
 172  01BD              	db -58
 172  01BE              	db 0
 172  01BE              	db 0
 172  01BF              	db 0
 172  01BF              	db 0
 172  01C0              	db 0
 172  01C0              	db 0
 172  01C1              	db 0
 172  01C1              	db 0
 172  01C2              	db 0
 172  01C2              	db 0
 172  01C3              	db 0
 172  01C3              	db 0
 172  01C4              	db 0
 172  01C4              	db 0
 172  01C5              	db 0
 172  01C5              	db 0
 172  01C6              	db 0
 172  01C6              	db 0
 172  01C7              	db 0
 172  01C7              	db 0
 172  01C8              	db 0
 172  01C8              	db 0
 172  01C9              	db 0
 172  01C9              	db 0
 172  01CA              	db 0
 172  01CA              	db 0
 172  01CB              	db 0
 172  01CB              	db 0
 172  01CC              	db 0
 172  01CC              	db 0
 172  01CD              	db 0
 172  01CD              	db 0
 172  01CE              	db 0
 172  01CE              	db 0
 172  01CF              	db 0
 172  01CF              	db 0
 172  01D0              	db 0
 172  01D0              	db 0
 172  01D1              	db 0
 172  01D1              	db 0
 172  01D2              	db 0
 172  01D2              	db 0
 172  01D3              	db 0
 172  01D3              	db 0
 172  01D4              	db 0
 172  01D4              	db 0
 172  01D5              	db 0
 172  01D5              	db 0
 172  01D6              	db 0
 172  01D6              	db 0
 172  01D7              	db 0
"File: oled_ku.c     Assembler  Version HGASM0202      Page 18

 172  01D7              	db 2
 172  01D8              	db 7
 172  01D8              	db 5
 172  01D9              	db 4
 172  01D9              	db 4
 172  01DA              	db 5
 172  01DA              	db 7
 172  01DB              	db 3
 172  01DB              	db 0
 172  01DC              	db 0
 172  01DC              	db 0
 172  01DD              	db 0
 172  01DD              	db 0
 172  01DE              	db 0
 172  01DE              	db 0
 172  01DF              	db 0
 172  01DF              	db 0
 172  01E0              	db 0
 172  01E0              	db 0
 172  01E1              	db 0
 172  01E1              	db 0
 172  01E2              	db 0
 172  01E2              	db 0
 172  01E3              	db 0
 172  01E3              	db 0
 172  01E4              	db 0
 172  01E4              	db 0
 172  01E5              	db 1
 172  01E5              	db 1
 172  01E6              	db 1
 172  01E6              	db 1
 172  01E7              	db 0
 172  01E7              	db 0
 172  01E8              	db 0
 172  01E8              	db 1
 172  01E9              	db 1
 172  01E9              	db 1
 172  01EA              	db 1
 172  01EA              	db 1
 172  01EB              	db 0
 172  01EB              	db 0
 172  01EC              	db 1
 172  01EC              	db 1
 172  01ED              	db 1
 172  01ED              	db 1
 172  01EE              	db 0
 172  01EE              	db 0
 172  01EF              	db 1
 172  01EF              	db 1
 172  01F0              	db 1
 172  01F0              	db 1
 172  01F1              	db 1
 172  01F1              	db 0
 172  01F2              	db 0
 172  01F2              	db 1
 172  01F3              	db 1
 172  01F3              	db 1
 172  01F4              	db 1
 172  01F4              	db 0
 172  01F5              	db 0
"File: oled_ku.c     Assembler  Version HGASM0202      Page 19

 172  01F5              	db 0
 172  01F6              	db 0
 172  01F6              	db 0
 172  01F7              	db 0
 172  01F7              	db 0
 172  01F8              	db 0
 172  01F8              	db 1
 172  01F9              	db 1
 172  01F9              	db 1
 172  01FA              	db 0
 172  01FA              	db 0
 172  01FB              	db 0
 172  01FB              	db 1
 172  01FC              	db 1
 172  01FC              	db 1
 172  01FD              	db 1
 172  01FD              	db 0
 172  01FE              	db 0
 172  01FE              	db 0
 172  01FF              	db 0
 172  01FF              	db 0
 172  0200              	db 0
 172  0200              public _LOGO_HOLTEK
 102  0200              #line 102 "E:\Project\17.HT66F4560_EVM_V1.0\CODE\HT66F4560_TuYa_FishTank_V1.0\souce\oled_ku.c"
 102  0200              @crom	.section	'crom'
 102  0200              _LOGO_HOLTEK:
 102  0200              #pragma debug variable 42 1 _LOGO_HOLTEK "LOGO_HOLTEK"
 102  0200              	db 0
 102  0201              	db 0
 102  0201              	db 0
 102  0202              	db 0
 102  0202              	db 0
 102  0203              	db 0
 102  0203              	db 0
 102  0204              	db 0
 102  0204              	db 0
 102  0205              	db 0
 102  0205              	db 0
 102  0206              	db 0
 102  0206              	db 0
 102  0207              	db 0
 102  0207              	db 0
 102  0208              	db 0
 102  0208              	db 0
 102  0209              	db 0
 102  0209              	db 0
 102  020A              	db 0
 102  020A              	db 0
 102  020B              	db 0
 102  020B              	db 0
 102  020C              	db 0
 102  020C              	db 0
 102  020D              	db 0
 102  020D              	db 0
 102  020E              	db 0
 102  020E              	db 0
 102  020F              	db 0
 102  020F              	db 0
 102  0210              	db 0
 102  0210              	db 0
"File: oled_ku.c     Assembler  Version HGASM0202      Page 20

 102  0211              	db 0
 102  0211              	db 0
 102  0212              	db 0
 102  0212              	db 0
 102  0213              	db 0
 102  0213              	db 0
 102  0214              	db 0
 102  0214              	db 0
 102  0215              	db 0
 102  0215              	db 0
 102  0216              	db 0
 102  0216              	db 0
 102  0217              	db 0
 102  0217              	db 0
 102  0218              	db 0
 102  0218              	db 0
 102  0219              	db 0
 102  0219              	db 0
 102  021A              	db 0
 102  021A              	db 0
 102  021B              	db 0
 102  021B              	db 0
 102  021C              	db 0
 102  021C              	db 0
 102  021D              	db 0
 102  021D              	db 0
 102  021E              	db 0
 102  021E              	db 0
 102  021F              	db 0
 102  021F              	db 0
 102  0220              	db 0
 102  0220              	db 0
 102  0221              	db 0
 102  0221              	db 0
 102  0222              	db 0
 102  0222              	db 0
 102  0223              	db 0
 102  0223              	db 0
 102  0224              	db 0
 102  0224              	db 0
 102  0225              	db 0
 102  0225              	db 0
 102  0226              	db 0
 102  0226              	db 0
 102  0227              	db 0
 102  0227              	db 0
 102  0228              	db 0
 102  0228              	db 0
 102  0229              	db 0
 102  0229              	db 0
 102  022A              	db 0
 102  022A              	db 0
 102  022B              	db 0
 102  022B              	db 0
 102  022C              	db 0
 102  022C              	db 0
 102  022D              	db 0
 102  022D              	db 0
 102  022E              	db 0
 102  022E              	db 0
"File: oled_ku.c     Assembler  Version HGASM0202      Page 21

 102  022F              	db 0
 102  022F              	db 0
 102  0230              	db 0
 102  0230              	db 0
 102  0231              	db 0
 102  0231              	db 0
 102  0232              	db 0
 102  0232              	db 0
 102  0233              	db 0
 102  0233              	db 0
 102  0234              	db 0
 102  0234              	db 0
 102  0235              	db 0
 102  0235              	db 0
 102  0236              	db 0
 102  0236              	db 0
 102  0237              	db 0
 102  0237              	db 0
 102  0238              	db 0
 102  0238              	db 0
 102  0239              	db 0
 102  0239              	db 0
 102  023A              	db 0
 102  023A              	db 0
 102  023B              	db 0
 102  023B              	db 0
 102  023C              	db 0
 102  023C              	db 0
 102  023D              	db 0
 102  023D              	db 0
 102  023E              	db 0
 102  023E              	db 0
 102  023F              	db 0
 102  023F              	db 0
 102  0240              	db 0
 102  0240              	db 0
 102  0241              	db 0
 102  0241              	db 0
 102  0242              	db 0
 102  0242              	db 0
 102  0243              	db 0
 102  0243              	db 0
 102  0244              	db 0
 102  0244              	db 0
 102  0245              	db 0
 102  0245              	db 0
 102  0246              	db 0
 102  0246              	db 0
 102  0247              	db 0
 102  0247              	db 0
 102  0248              	db 0
 102  0248              	db 0
 102  0249              	db 0
 102  0249              	db 0
 102  024A              	db 0
 102  024A              	db 0
 102  024B              	db 0
 102  024B              	db 0
 102  024C              	db 0
 102  024C              	db 0
"File: oled_ku.c     Assembler  Version HGASM0202      Page 22

 102  024D              	db 0
 102  024D              	db 0
 102  024E              	db 0
 102  024E              	db 0
 102  024F              	db 0
 102  024F              	db 0
 102  0250              	db 0
 102  0250              	db 0
 102  0251              	db 0
 102  0251              	db 0
 102  0252              	db 0
 102  0252              	db 0
 102  0253              	db 0
 102  0253              	db 0
 102  0254              	db 0
 102  0254              	db 0
 102  0255              	db 0
 102  0255              	db 0
 102  0256              	db 0
 102  0256              	db 0
 102  0257              	db 0
 102  0257              	db 0
 102  0258              	db 0
 102  0258              	db 0
 102  0259              	db 0
 102  0259              	db 0
 102  025A              	db 0
 102  025A              	db 0
 102  025B              	db 0
 102  025B              	db 0
 102  025C              	db 0
 102  025C              	db 0
 102  025D              	db 0
 102  025D              	db 0
 102  025E              	db 0
 102  025E              	db 0
 102  025F              	db 0
 102  025F              	db 0
 102  0260              	db 0
 102  0260              	db 0
 102  0261              	db 0
 102  0261              	db 0
 102  0262              	db 0
 102  0262              	db 0
 102  0263              	db 0
 102  0263              	db 0
 102  0264              	db 0
 102  0264              	db 0
 102  0265              	db 0
 102  0265              	db 0
 102  0266              	db 0
 102  0266              	db 0
 102  0267              	db 0
 102  0267              	db 0
 102  0268              	db 0
 102  0268              	db 0
 102  0269              	db 0
 102  0269              	db 0
 102  026A              	db 0
 102  026A              	db 0
"File: oled_ku.c     Assembler  Version HGASM0202      Page 23

 102  026B              	db 0
 102  026B              	db 0
 102  026C              	db 0
 102  026C              	db 0
 102  026D              	db 0
 102  026D              	db 0
 102  026E              	db 0
 102  026E              	db 0
 102  026F              	db 0
 102  026F              	db 0
 102  0270              	db 0
 102  0270              	db 0
 102  0271              	db 0
 102  0271              	db 0
 102  0272              	db 0
 102  0272              	db 0
 102  0273              	db 0
 102  0273              	db 0
 102  0274              	db 0
 102  0274              	db 0
 102  0275              	db 0
 102  0275              	db 0
 102  0276              	db 0
 102  0276              	db 0
 102  0277              	db 0
 102  0277              	db 0
 102  0278              	db 0
 102  0278              	db 0
 102  0279              	db 0
 102  0279              	db 0
 102  027A              	db 0
 102  027A              	db 0
 102  027B              	db 0
 102  027B              	db 0
 102  027C              	db 0
 102  027C              	db 0
 102  027D              	db 0
 102  027D              	db 0
 102  027E              	db 0
 102  027E              	db 0
 102  027F              	db 0
 102  027F              	db 0
 102  0280              	db 0
 102  0280              	db 0
 102  0281              	db 0
 102  0281              	db 0
 102  0282              	db 0
 102  0282              	db 0
 102  0283              	db 0
 102  0283              	db 0
 102  0284              	db 0
 102  0284              	db 0
 102  0285              	db 0
 102  0285              	db 0
 102  0286              	db 0
 102  0286              	db 0
 102  0287              	db 0
 102  0287              	db 0
 102  0288              	db 0
 102  0288              	db 0
"File: oled_ku.c     Assembler  Version HGASM0202      Page 24

 102  0289              	db 0
 102  0289              	db 0
 102  028A              	db 0
 102  028A              	db 0
 102  028B              	db 0
 102  028B              	db 0
 102  028C              	db 0
 102  028C              	db 0
 102  028D              	db 0
 102  028D              	db 0
 102  028E              	db 0
 102  028E              	db 0
 102  028F              	db 0
 102  028F              	db 0
 102  0290              	db 0
 102  0290              	db 0
 102  0291              	db 0
 102  0291              	db 0
 102  0292              	db 0
 102  0292              	db 0
 102  0293              	db 0
 102  0293              	db 0
 102  0294              	db 0
 102  0294              	db 0
 102  0295              	db 0
 102  0295              	db 0
 102  0296              	db 0
 102  0296              	db 0
 102  0297              	db 0
 102  0297              	db 0
 102  0298              	db 0
 102  0298              	db 0
 102  0299              	db 0
 102  0299              	db 0
 102  029A              	db 0
 102  029A              	db 0
 102  029B              	db 0
 102  029B              	db 0
 102  029C              	db 0
 102  029C              	db 0
 102  029D              	db 0
 102  029D              	db 0
 102  029E              	db -128
 102  029E              	db -64
 102  029F              	db -32
 102  029F              	db -16
 102  02A0              	db -8
 102  02A0              	db -4
 102  02A1              	db -2
 102  02A1              	db -1
 102  02A2              	db -1
 102  02A2              	db -1
 102  02A3              	db 0
 102  02A3              	db 0
 102  02A4              	db 0
 102  02A4              	db 0
 102  02A5              	db 0
 102  02A5              	db -128
 102  02A6              	db -64
 102  02A6              	db -32
"File: oled_ku.c     Assembler  Version HGASM0202      Page 25

 102  02A7              	db -16
 102  02A7              	db -8
 102  02A8              	db -4
 102  02A8              	db -4
 102  02A9              	db 0
 102  02A9              	db 0
 102  02AA              	db 0
 102  02AA              	db 0
 102  02AB              	db 0
 102  02AB              	db 0
 102  02AC              	db 0
 102  02AC              	db 0
 102  02AD              	db 0
 102  02AD              	db 0
 102  02AE              	db 0
 102  02AE              	db 0
 102  02AF              	db 0
 102  02AF              	db 0
 102  02B0              	db 0
 102  02B0              	db 0
 102  02B1              	db 0
 102  02B1              	db 0
 102  02B2              	db 0
 102  02B2              	db 0
 102  02B3              	db 0
 102  02B3              	db 0
 102  02B4              	db 0
 102  02B4              	db 0
 102  02B5              	db 0
 102  02B5              	db 0
 102  02B6              	db 0
 102  02B6              	db 0
 102  02B7              	db 0
 102  02B7              	db 0
 102  02B8              	db 0
 102  02B8              	db 0
 102  02B9              	db 0
 102  02B9              	db 0
 102  02BA              	db 0
 102  02BA              	db 0
 102  02BB              	db 0
 102  02BB              	db 0
 102  02BC              	db 0
 102  02BC              	db 0
 102  02BD              	db 0
 102  02BD              	db 0
 102  02BE              	db 0
 102  02BE              	db 0
 102  02BF              	db 0
 102  02BF              	db 0
 102  02C0              	db 0
 102  02C0              	db 0
 102  02C1              	db 0
 102  02C1              	db 0
 102  02C2              	db 0
 102  02C2              	db 0
 102  02C3              	db 0
 102  02C3              	db 0
 102  02C4              	db 0
 102  02C4              	db 0
"File: oled_ku.c     Assembler  Version HGASM0202      Page 26

 102  02C5              	db 0
 102  02C5              	db 0
 102  02C6              	db 0
 102  02C6              	db 0
 102  02C7              	db 0
 102  02C7              	db 0
 102  02C8              	db 0
 102  02C8              	db 0
 102  02C9              	db 0
 102  02C9              	db 0
 102  02CA              	db 0
 102  02CA              	db 0
 102  02CB              	db 0
 102  02CB              	db 0
 102  02CC              	db 0
 102  02CC              	db 0
 102  02CD              	db 0
 102  02CD              	db 0
 102  02CE              	db 0
 102  02CE              	db 0
 102  02CF              	db 0
 102  02CF              	db 0
 102  02D0              	db 0
 102  02D0              	db 0
 102  02D1              	db 0
 102  02D1              	db 0
 102  02D2              	db 0
 102  02D2              	db 0
 102  02D3              	db 0
 102  02D3              	db 0
 102  02D4              	db 0
 102  02D4              	db 0
 102  02D5              	db 0
 102  02D5              	db 0
 102  02D6              	db -32
 102  02D6              	db -16
 102  02D7              	db 56
 102  02D7              	db 24
 102  02D8              	db 24
 102  02D8              	db 12
 102  02D9              	db 12
 102  02D9              	db -116
 102  02DA              	db -50
 102  02DA              	db -18
 102  02DB              	db -10
 102  02DB              	db -2
 102  02DC              	db -2
 102  02DC              	db -2
 102  02DD              	db -2
 102  02DD              	db -1
 102  02DE              	db -1
 102  02DE              	db -1
 102  02DF              	db -1
 102  02DF              	db -1
 102  02E0              	db 127
 102  02E0              	db 63
 102  02E1              	db -97
 102  02E1              	db -49
 102  02E2              	db -25
 102  02E2              	db -9
"File: oled_ku.c     Assembler  Version HGASM0202      Page 27

 102  02E3              	db -2
 102  02E3              	db -2
 102  02E4              	db -2
 102  02E4              	db -2
 102  02E5              	db -1
 102  02E5              	db -1
 102  02E6              	db -1
 102  02E6              	db -1
 102  02E7              	db -1
 102  02E7              	db 127
 102  02E8              	db 63
 102  02E8              	db 31
 102  02E9              	db 56
 102  02E9              	db 48
 102  02EA              	db 112
 102  02EA              	db -32
 102  02EB              	db 0
 102  02EB              	db 0
 102  02EC              	db 0
 102  02EC              	db 0
 102  02ED              	db 0
 102  02ED              	db 0
 102  02EE              	db 0
 102  02EE              	db 0
 102  02EF              	db 0
 102  02EF              	db 0
 102  02F0              	db 0
 102  02F0              	db 0
 102  02F1              	db 0
 102  02F1              	db 0
 102  02F2              	db 0
 102  02F2              	db 0
 102  02F3              	db 0
 102  02F3              	db 0
 102  02F4              	db 0
 102  02F4              	db 0
 102  02F5              	db 0
 102  02F5              	db 0
 102  02F6              	db 0
 102  02F6              	db 0
 102  02F7              	db 0
 102  02F7              	db 0
 102  02F8              	db 0
 102  02F8              	db 0
 102  02F9              	db 0
 102  02F9              	db 0
 102  02FA              	db 0
 102  02FA              	db 0
 102  02FB              	db 0
 102  02FB              	db 0
 102  02FC              	db 0
 102  02FC              	db 0
 102  02FD              	db 0
 102  02FD              	db 0
 102  02FE              	db 0
 102  02FE              	db 0
 102  02FF              	db 0
 102  02FF              	db 0
 102  0300              	db 0
 102  0300              	db 0
"File: oled_ku.c     Assembler  Version HGASM0202      Page 28

 102  0301              	db 0
 102  0301              	db 0
 102  0302              	db 0
 102  0302              	db 0
 102  0303              	db 0
 102  0303              	db 0
 102  0304              	db 0
 102  0304              	db 0
 102  0305              	db 0
 102  0305              	db 0
 102  0306              	db 0
 102  0306              	db 0
 102  0307              	db 0
 102  0307              	db 0
 102  0308              	db 0
 102  0308              	db 0
 102  0309              	db 0
 102  0309              	db 0
 102  030A              	db 0
 102  030A              	db 0
 102  030B              	db 0
 102  030B              	db 0
 102  030C              	db 0
 102  030C              	db 0
 102  030D              	db 0
 102  030D              	db 0
 102  030E              	db 0
 102  030E              	db 0
 102  030F              	db 0
 102  030F              	db 0
 102  0310              	db 0
 102  0310              	db 0
 102  0311              	db 0
 102  0311              	db 0
 102  0312              	db 0
 102  0312              	db 0
 102  0313              	db 0
 102  0313              	db 0
 102  0314              	db 0
 102  0314              	db 0
 102  0315              	db 0
 102  0315              	db 0
 102  0316              	db 1
 102  0316              	db 3
 102  0317              	db 7
 102  0317              	db 6
 102  0318              	db -2
 102  0318              	db -2
 102  0319              	db -1
 102  0319              	db -1
 102  031A              	db -1
 102  031A              	db -1
 102  031B              	db -1
 102  031B              	db 127
 102  031C              	db 63
 102  031C              	db 63
 102  031D              	db 63
 102  031D              	db 63
 102  031E              	db -5
 102  031E              	db -5
"File: oled_ku.c     Assembler  Version HGASM0202      Page 29

 102  031F              	db -7
 102  031F              	db -4
 102  0320              	db -2
 102  0320              	db -1
 102  0321              	db -1
 102  0321              	db -1
 102  0322              	db -1
 102  0322              	db -1
 102  0323              	db 127
 102  0323              	db 63
 102  0324              	db 63
 102  0324              	db 63
 102  0325              	db 31
 102  0325              	db 27
 102  0326              	db 27
 102  0326              	db 29
 102  0327              	db 28
 102  0327              	db 28
 102  0328              	db 12
 102  0328              	db 14
 102  0329              	db 14
 102  0329              	db 6
 102  032A              	db 3
 102  032A              	db 3
 102  032B              	db 0
 102  032B              	db 0
 102  032C              	db 0
 102  032C              	db 0
 102  032D              	db 0
 102  032D              	db 0
 102  032E              	db 0
 102  032E              	db 0
 102  032F              	db 0
 102  032F              	db 0
 102  0330              	db 0
 102  0330              	db 0
 102  0331              	db 0
 102  0331              	db 0
 102  0332              	db 0
 102  0332              	db 0
 102  0333              	db 0
 102  0333              	db 0
 102  0334              	db 0
 102  0334              	db 0
 102  0335              	db 0
 102  0335              	db 0
 102  0336              	db 0
 102  0336              	db 0
 102  0337              	db 0
 102  0337              	db 0
 102  0338              	db 0
 102  0338              	db 0
 102  0339              	db 0
 102  0339              	db 0
 102  033A              	db 0
 102  033A              	db 0
 102  033B              	db 0
 102  033B              	db 0
 102  033C              	db 0
 102  033C              	db 0
"File: oled_ku.c     Assembler  Version HGASM0202      Page 30

 102  033D              	db 0
 102  033D              	db 0
 102  033E              	db 0
 102  033E              	db 0
 102  033F              	db 0
 102  033F              	db 0
 102  0340              	db 0
 102  0340              	db 0
 102  0341              	db 0
 102  0341              	db 0
 102  0342              	db 0
 102  0342              	db 0
 102  0343              	db 0
 102  0343              	db 0
 102  0344              	db 0
 102  0344              	db 0
 102  0345              	db 0
 102  0345              	db 0
 102  0346              	db 0
 102  0346              	db 0
 102  0347              	db 0
 102  0347              	db 0
 102  0348              	db 0
 102  0348              	db 0
 102  0349              	db 0
 102  0349              	db 0
 102  034A              	db 0
 102  034A              	db 0
 102  034B              	db 0
 102  034B              	db 0
 102  034C              	db 0
 102  034C              	db 0
 102  034D              	db 0
 102  034D              	db 0
 102  034E              	db 0
 102  034E              	db 0
 102  034F              	db 0
 102  034F              	db 0
 102  0350              	db 0
 102  0350              	db 0
 102  0351              	db 0
 102  0351              	db 0
 102  0352              	db 0
 102  0352              	db 0
 102  0353              	db 0
 102  0353              	db 0
 102  0354              	db 0
 102  0354              	db 0
 102  0355              	db 0
 102  0355              	db 0
 102  0356              	db 0
 102  0356              	db 0
 102  0357              	db 0
 102  0357              	db 0
 102  0358              	db 31
 102  0358              	db 31
 102  0359              	db 15
 102  0359              	db 7
 102  035A              	db 3
 102  035A              	db 1
"File: oled_ku.c     Assembler  Version HGASM0202      Page 31

 102  035B              	db 0
 102  035B              	db 0
 102  035C              	db 0
 102  035C              	db 0
 102  035D              	db 0
 102  035D              	db 0
 102  035E              	db 63
 102  035E              	db 63
 102  035F              	db 63
 102  035F              	db 31
 102  0360              	db 31
 102  0360              	db 15
 102  0361              	db 7
 102  0361              	db 3
 102  0362              	db 1
 102  0362              	db 0
 102  0363              	db 0
 102  0363              	db 0
 102  0364              	db 0
 102  0364              	db 0
 102  0365              	db 0
 102  0365              	db 0
 102  0366              	db 0
 102  0366              	db 0
 102  0367              	db 0
 102  0367              	db 0
 102  0368              	db 0
 102  0368              	db 0
 102  0369              	db 0
 102  0369              	db 0
 102  036A              	db 0
 102  036A              	db 0
 102  036B              	db 0
 102  036B              	db 0
 102  036C              	db 0
 102  036C              	db 0
 102  036D              	db 0
 102  036D              	db 0
 102  036E              	db 0
 102  036E              	db 0
 102  036F              	db 0
 102  036F              	db 0
 102  0370              	db 0
 102  0370              	db 0
 102  0371              	db 0
 102  0371              	db 0
 102  0372              	db 0
 102  0372              	db 0
 102  0373              	db 0
 102  0373              	db 0
 102  0374              	db 0
 102  0374              	db 0
 102  0375              	db 0
 102  0375              	db 0
 102  0376              	db 0
 102  0376              	db 0
 102  0377              	db 0
 102  0377              	db 0
 102  0378              	db 0
 102  0378              	db 0
"File: oled_ku.c     Assembler  Version HGASM0202      Page 32

 102  0379              	db 0
 102  0379              	db 0
 102  037A              	db 0
 102  037A              	db 0
 102  037B              	db 0
 102  037B              	db 0
 102  037C              	db 0
 102  037C              	db 0
 102  037D              	db 0
 102  037D              	db 0
 102  037E              	db 0
 102  037E              	db 0
 102  037F              	db 0
 102  037F              	db 0
 102  0380              	db 0
 102  0380              	db 0
 102  0381              	db 0
 102  0381              	db 0
 102  0382              	db 0
 102  0382              	db 0
 102  0383              	db 0
 102  0383              	db 0
 102  0384              	db 0
 102  0384              	db 0
 102  0385              	db 0
 102  0385              	db 0
 102  0386              	db 0
 102  0386              	db 0
 102  0387              	db 0
 102  0387              	db 0
 102  0388              	db 0
 102  0388              	db 0
 102  0389              	db 0
 102  0389              	db 0
 102  038A              	db 0
 102  038A              	db 0
 102  038B              	db 0
 102  038B              	db 0
 102  038C              	db 0
 102  038C              	db 0
 102  038D              	db 0
 102  038D              	db 0
 102  038E              	db 0
 102  038E              	db 0
 102  038F              	db 0
 102  038F              	db 0
 102  0390              	db 0
 102  0390              	db 1
 102  0391              	db -1
 102  0391              	db -1
 102  0392              	db -1
 102  0392              	db 33
 102  0393              	db 32
 102  0393              	db 33
 102  0394              	db 33
 102  0394              	db -1
 102  0395              	db -1
 102  0395              	db 1
 102  0396              	db 1
 102  0396              	db -4
"File: oled_ku.c     Assembler  Version HGASM0202      Page 33

 102  0397              	db -2
 102  0397              	db -114
 102  0398              	db 3
 102  0398              	db 1
 102  0399              	db 1
 102  0399              	db 1
 102  039A              	db 3
 102  039A              	db -2
 102  039B              	db -4
 102  039B              	db -8
 102  039C              	db 1
 102  039C              	db -1
 102  039D              	db -1
 102  039D              	db -1
 102  039E              	db 1
 102  039E              	db 0
 102  039F              	db 0
 102  039F              	db 0
 102  03A0              	db 6
 102  03A0              	db 7
 102  03A1              	db 1
 102  03A1              	db 1
 102  03A2              	db -1
 102  03A2              	db -1
 102  03A3              	db 1
 102  03A3              	db 1
 102  03A4              	db 3
 102  03A4              	db 7
 102  03A5              	db 1
 102  03A5              	db -1
 102  03A6              	db -1
 102  03A6              	db -1
 102  03A7              	db 33
 102  03A7              	db 33
 102  03A8              	db 113
 102  03A8              	db -7
 102  03A9              	db 3
 102  03A9              	db 0
 102  03AA              	db 1
 102  03AA              	db -1
 102  03AB              	db -1
 102  03AB              	db -1
 102  03AC              	db 113
 102  03AC              	db -40
 102  03AD              	db -51
 102  03AD              	db -121
 102  03AE              	db 3
 102  03AE              	db 1
 102  03AF              	db 1
 102  03AF              	db 0
 102  03B0              	db 0
 102  03B0              	db 0
 102  03B1              	db 0
 102  03B1              	db 0
 102  03B2              	db 0
 102  03B2              	db 0
 102  03B3              	db 0
 102  03B3              	db 0
 102  03B4              	db 0
 102  03B4              	db 0
"File: oled_ku.c     Assembler  Version HGASM0202      Page 34

 102  03B5              	db 0
 102  03B5              	db 0
 102  03B6              	db 0
 102  03B6              	db 0
 102  03B7              	db 0
 102  03B7              	db 0
 102  03B8              	db 0
 102  03B8              	db 0
 102  03B9              	db 0
 102  03B9              	db 0
 102  03BA              	db 0
 102  03BA              	db 0
 102  03BB              	db 0
 102  03BB              	db 0
 102  03BC              	db 0
 102  03BC              	db 0
 102  03BD              	db 0
 102  03BD              	db 0
 102  03BE              	db 0
 102  03BE              	db 0
 102  03BF              	db 0
 102  03BF              	db 0
 102  03C0              	db 0
 102  03C0              	db 0
 102  03C1              	db 0
 102  03C1              	db 0
 102  03C2              	db 0
 102  03C2              	db 0
 102  03C3              	db 0
 102  03C3              	db 0
 102  03C4              	db 0
 102  03C4              	db 0
 102  03C5              	db 0
 102  03C5              	db 0
 102  03C6              	db 0
 102  03C6              	db 0
 102  03C7              	db 0
 102  03C7              	db 0
 102  03C8              	db 0
 102  03C8              	db 0
 102  03C9              	db 0
 102  03C9              	db 0
 102  03CA              	db 0
 102  03CA              	db 0
 102  03CB              	db 0
 102  03CB              	db 0
 102  03CC              	db 0
 102  03CC              	db 0
 102  03CD              	db 0
 102  03CD              	db 0
 102  03CE              	db 0
 102  03CE              	db 0
 102  03CF              	db 0
 102  03CF              	db 0
 102  03D0              	db 0
 102  03D0              	db 4
 102  03D1              	db 7
 102  03D1              	db 7
 102  03D2              	db 7
 102  03D2              	db 4
"File: oled_ku.c     Assembler  Version HGASM0202      Page 35

 102  03D3              	db 0
 102  03D3              	db 4
 102  03D4              	db 4
 102  03D4              	db 7
 102  03D5              	db 7
 102  03D5              	db 4
 102  03D6              	db 4
 102  03D6              	db 1
 102  03D7              	db 3
 102  03D7              	db 3
 102  03D8              	db 6
 102  03D8              	db 4
 102  03D9              	db 4
 102  03D9              	db 4
 102  03DA              	db 6
 102  03DA              	db 3
 102  03DB              	db 1
 102  03DB              	db 0
 102  03DC              	db 4
 102  03DC              	db 7
 102  03DD              	db 7
 102  03DD              	db 7
 102  03DE              	db 4
 102  03DE              	db 4
 102  03DF              	db 4
 102  03DF              	db 6
 102  03E0              	db 7
 102  03E0              	db 1
 102  03E1              	db 0
 102  03E1              	db 4
 102  03E2              	db 7
 102  03E2              	db 7
 102  03E3              	db 4
 102  03E3              	db 4
 102  03E4              	db 0
 102  03E4              	db 0
 102  03E5              	db 4
 102  03E5              	db 7
 102  03E6              	db 7
 102  03E6              	db 7
 102  03E7              	db 4
 102  03E7              	db 4
 102  03E8              	db 4
 102  03E8              	db 4
 102  03E9              	db 7
 102  03E9              	db 3
 102  03EA              	db 4
 102  03EA              	db 7
 102  03EB              	db 7
 102  03EB              	db 7
 102  03EC              	db 4
 102  03EC              	db 0
 102  03ED              	db 5
 102  03ED              	db 7
 102  03EE              	db 7
 102  03EE              	db 6
 102  03EF              	db 4
 102  03EF              	db 4
 102  03F0              	db 0
 102  03F0              	db 0
"File: oled_ku.c     Assembler  Version HGASM0202      Page 36

 102  03F1              	db 0
 102  03F1              	db 0
 102  03F2              	db 0
 102  03F2              	db 0
 102  03F3              	db 0
 102  03F3              	db 0
 102  03F4              	db 0
 102  03F4              	db 0
 102  03F5              	db 0
 102  03F5              	db 0
 102  03F6              	db 0
 102  03F6              	db 0
 102  03F7              	db 0
 102  03F7              	db 0
 102  03F8              	db 0
 102  03F8              	db 0
 102  03F9              	db 0
 102  03F9              	db 0
 102  03FA              	db 0
 102  03FA              	db 0
 102  03FB              	db 0
 102  03FB              	db 0
 102  03FC              	db 0
 102  03FC              	db 0
 102  03FD              	db 0
 102  03FD              	db 0
 102  03FE              	db 0
 102  03FE              	db 0
 102  03FF              	db 0
 102  03FF              	db 0
 102  0400              	db 0
 102  0400              public _F6x8
   6  0400              #line 6 "E:\Project\17.HT66F4560_EVM_V1.0\CODE\HT66F4560_TuYa_FishTank_V1.0\souce\oled_ku.c"
   6  0400              @crom	.section	'crom'
   6  0400              _F6x8:
   6  0400              #pragma debug array 43 8 6 1
   6  0400              #pragma debug array 43 8 6 1
   6  0400              #pragma debug array 44 43 92 1
   6  0400              #pragma debug array 44 43 92 1
   6  0400              #pragma debug variable 44 1 _F6x8 "F6x8"
   6  0400              	db 0
   6  0401              	db 0
   6  0401              	db 0
   6  0402              	db 0
   6  0402              	db 0
   6  0403              	db 0
   6  0403              	db 0
   6  0404              	db 0
   6  0404              	db 0
   6  0405              	db 47
   6  0405              	db 0
   6  0406              	db 0
   6  0406              	db 0
   6  0407              	db 0
   6  0407              	db 7
   6  0408              	db 0
   6  0408              	db 7
   6  0409              	db 0
   6  0409              	db 0
   6  040A              	db 20
"File: oled_ku.c     Assembler  Version HGASM0202      Page 37

   6  040A              	db 127
   6  040B              	db 20
   6  040B              	db 127
   6  040C              	db 20
   6  040C              	db 0
   6  040D              	db 36
   6  040D              	db 42
   6  040E              	db 127
   6  040E              	db 42
   6  040F              	db 18
   6  040F              	db 0
   6  0410              	db 98
   6  0410              	db 100
   6  0411              	db 8
   6  0411              	db 19
   6  0412              	db 35
   6  0412              	db 0
   6  0413              	db 54
   6  0413              	db 73
   6  0414              	db 85
   6  0414              	db 34
   6  0415              	db 80
   6  0415              	db 0
   6  0416              	db 0
   6  0416              	db 5
   6  0417              	db 3
   6  0417              	db 0
   6  0418              	db 0
   6  0418              	db 0
   6  0419              	db 0
   6  0419              	db 28
   6  041A              	db 34
   6  041A              	db 65
   6  041B              	db 0
   6  041B              	db 0
   6  041C              	db 0
   6  041C              	db 65
   6  041D              	db 34
   6  041D              	db 28
   6  041E              	db 0
   6  041E              	db 0
   6  041F              	db 20
   6  041F              	db 8
   6  0420              	db 62
   6  0420              	db 8
   6  0421              	db 20
   6  0421              	db 0
   6  0422              	db 8
   6  0422              	db 8
   6  0423              	db 62
   6  0423              	db 8
   6  0424              	db 8
   6  0424              	db 0
   6  0425              	db 0
   6  0425              	db 0
   6  0426              	db -96
   6  0426              	db 96
   6  0427              	db 0
   6  0427              	db 0
   6  0428              	db 8
"File: oled_ku.c     Assembler  Version HGASM0202      Page 38

   6  0428              	db 8
   6  0429              	db 8
   6  0429              	db 8
   6  042A              	db 8
   6  042A              	db 0
   6  042B              	db 0
   6  042B              	db 96
   6  042C              	db 96
   6  042C              	db 0
   6  042D              	db 0
   6  042D              	db 0
   6  042E              	db 32
   6  042E              	db 16
   6  042F              	db 8
   6  042F              	db 4
   6  0430              	db 2
   6  0430              	db 0
   6  0431              	db 62
   6  0431              	db 81
   6  0432              	db 73
   6  0432              	db 69
   6  0433              	db 62
   6  0433              	db 0
   6  0434              	db 0
   6  0434              	db 66
   6  0435              	db 127
   6  0435              	db 64
   6  0436              	db 0
   6  0436              	db 0
   6  0437              	db 66
   6  0437              	db 97
   6  0438              	db 81
   6  0438              	db 73
   6  0439              	db 70
   6  0439              	db 0
   6  043A              	db 33
   6  043A              	db 65
   6  043B              	db 69
   6  043B              	db 75
   6  043C              	db 49
   6  043C              	db 0
   6  043D              	db 24
   6  043D              	db 20
   6  043E              	db 18
   6  043E              	db 127
   6  043F              	db 16
   6  043F              	db 0
   6  0440              	db 39
   6  0440              	db 69
   6  0441              	db 69
   6  0441              	db 69
   6  0442              	db 57
   6  0442              	db 0
   6  0443              	db 60
   6  0443              	db 74
   6  0444              	db 73
   6  0444              	db 73
   6  0445              	db 48
   6  0445              	db 0
   6  0446              	db 1
"File: oled_ku.c     Assembler  Version HGASM0202      Page 39

   6  0446              	db 113
   6  0447              	db 9
   6  0447              	db 5
   6  0448              	db 3
   6  0448              	db 0
   6  0449              	db 54
   6  0449              	db 73
   6  044A              	db 73
   6  044A              	db 73
   6  044B              	db 54
   6  044B              	db 0
   6  044C              	db 6
   6  044C              	db 73
   6  044D              	db 73
   6  044D              	db 41
   6  044E              	db 30
   6  044E              	db 0
   6  044F              	db 0
   6  044F              	db 54
   6  0450              	db 54
   6  0450              	db 0
   6  0451              	db 0
   6  0451              	db 0
   6  0452              	db 0
   6  0452              	db 86
   6  0453              	db 54
   6  0453              	db 0
   6  0454              	db 0
   6  0454              	db 0
   6  0455              	db 0
   6  0455              	db 86
   6  0456              	db 54
   6  0456              	db 0
   6  0457              	db 0
   6  0457              	db 0
   6  0458              	db 20
   6  0458              	db 20
   6  0459              	db 20
   6  0459              	db 20
   6  045A              	db 20
   6  045A              	db 0
   6  045B              	db 0
   6  045B              	db 65
   6  045C              	db 34
   6  045C              	db 20
   6  045D              	db 8
   6  045D              	db 0
   6  045E              	db 2
   6  045E              	db 1
   6  045F              	db 81
   6  045F              	db 9
   6  0460              	db 6
   6  0460              	db 0
   6  0461              	db 50
   6  0461              	db 73
   6  0462              	db 89
   6  0462              	db 81
   6  0463              	db 62
   6  0463              	db 0
   6  0464              	db 124
"File: oled_ku.c     Assembler  Version HGASM0202      Page 40

   6  0464              	db 18
   6  0465              	db 17
   6  0465              	db 18
   6  0466              	db 124
   6  0466              	db 0
   6  0467              	db 127
   6  0467              	db 73
   6  0468              	db 73
   6  0468              	db 73
   6  0469              	db 54
   6  0469              	db 0
   6  046A              	db 62
   6  046A              	db 65
   6  046B              	db 65
   6  046B              	db 65
   6  046C              	db 34
   6  046C              	db 0
   6  046D              	db 127
   6  046D              	db 65
   6  046E              	db 65
   6  046E              	db 34
   6  046F              	db 28
   6  046F              	db 0
   6  0470              	db 127
   6  0470              	db 73
   6  0471              	db 73
   6  0471              	db 73
   6  0472              	db 65
   6  0472              	db 0
   6  0473              	db 127
   6  0473              	db 9
   6  0474              	db 9
   6  0474              	db 9
   6  0475              	db 1
   6  0475              	db 0
   6  0476              	db 62
   6  0476              	db 65
   6  0477              	db 73
   6  0477              	db 73
   6  0478              	db 122
   6  0478              	db 0
   6  0479              	db 127
   6  0479              	db 8
   6  047A              	db 8
   6  047A              	db 8
   6  047B              	db 127
   6  047B              	db 0
   6  047C              	db 0
   6  047C              	db 65
   6  047D              	db 127
   6  047D              	db 65
   6  047E              	db 0
   6  047E              	db 0
   6  047F              	db 32
   6  047F              	db 64
   6  0480              	db 65
   6  0480              	db 63
   6  0481              	db 1
   6  0481              	db 0
   6  0482              	db 127
"File: oled_ku.c     Assembler  Version HGASM0202      Page 41

   6  0482              	db 8
   6  0483              	db 20
   6  0483              	db 34
   6  0484              	db 65
   6  0484              	db 0
   6  0485              	db 127
   6  0485              	db 64
   6  0486              	db 64
   6  0486              	db 64
   6  0487              	db 64
   6  0487              	db 0
   6  0488              	db 127
   6  0488              	db 2
   6  0489              	db 12
   6  0489              	db 2
   6  048A              	db 127
   6  048A              	db 0
   6  048B              	db 127
   6  048B              	db 4
   6  048C              	db 8
   6  048C              	db 16
   6  048D              	db 127
   6  048D              	db 0
   6  048E              	db 62
   6  048E              	db 65
   6  048F              	db 65
   6  048F              	db 65
   6  0490              	db 62
   6  0490              	db 0
   6  0491              	db 127
   6  0491              	db 9
   6  0492              	db 9
   6  0492              	db 9
   6  0493              	db 6
   6  0493              	db 0
   6  0494              	db 62
   6  0494              	db 65
   6  0495              	db 81
   6  0495              	db 33
   6  0496              	db 94
   6  0496              	db 0
   6  0497              	db 127
   6  0497              	db 9
   6  0498              	db 25
   6  0498              	db 41
   6  0499              	db 70
   6  0499              	db 0
   6  049A              	db 70
   6  049A              	db 73
   6  049B              	db 73
   6  049B              	db 73
   6  049C              	db 49
   6  049C              	db 0
   6  049D              	db 1
   6  049D              	db 1
   6  049E              	db 127
   6  049E              	db 1
   6  049F              	db 1
   6  049F              	db 0
   6  04A0              	db 63
"File: oled_ku.c     Assembler  Version HGASM0202      Page 42

   6  04A0              	db 64
   6  04A1              	db 64
   6  04A1              	db 64
   6  04A2              	db 63
   6  04A2              	db 0
   6  04A3              	db 31
   6  04A3              	db 32
   6  04A4              	db 64
   6  04A4              	db 32
   6  04A5              	db 31
   6  04A5              	db 0
   6  04A6              	db 63
   6  04A6              	db 64
   6  04A7              	db 56
   6  04A7              	db 64
   6  04A8              	db 63
   6  04A8              	db 0
   6  04A9              	db 99
   6  04A9              	db 20
   6  04AA              	db 8
   6  04AA              	db 20
   6  04AB              	db 99
   6  04AB              	db 0
   6  04AC              	db 7
   6  04AC              	db 8
   6  04AD              	db 112
   6  04AD              	db 8
   6  04AE              	db 7
   6  04AE              	db 0
   6  04AF              	db 97
   6  04AF              	db 81
   6  04B0              	db 73
   6  04B0              	db 69
   6  04B1              	db 67
   6  04B1              	db 0
   6  04B2              	db 0
   6  04B2              	db 127
   6  04B3              	db 65
   6  04B3              	db 65
   6  04B4              	db 0
   6  04B4              	db 0
   6  04B5              	db 85
   6  04B5              	db 42
   6  04B6              	db 85
   6  04B6              	db 42
   6  04B7              	db 85
   6  04B7              	db 0
   6  04B8              	db 0
   6  04B8              	db 65
   6  04B9              	db 65
   6  04B9              	db 127
   6  04BA              	db 0
   6  04BA              	db 0
   6  04BB              	db 4
   6  04BB              	db 2
   6  04BC              	db 1
   6  04BC              	db 2
   6  04BD              	db 4
   6  04BD              	db 0
   6  04BE              	db 64
"File: oled_ku.c     Assembler  Version HGASM0202      Page 43

   6  04BE              	db 64
   6  04BF              	db 64
   6  04BF              	db 64
   6  04C0              	db 64
   6  04C0              	db 0
   6  04C1              	db 0
   6  04C1              	db 1
   6  04C2              	db 2
   6  04C2              	db 4
   6  04C3              	db 0
   6  04C3              	db 0
   6  04C4              	db 32
   6  04C4              	db 84
   6  04C5              	db 84
   6  04C5              	db 84
   6  04C6              	db 120
   6  04C6              	db 0
   6  04C7              	db 127
   6  04C7              	db 72
   6  04C8              	db 68
   6  04C8              	db 68
   6  04C9              	db 56
   6  04C9              	db 0
   6  04CA              	db 56
   6  04CA              	db 68
   6  04CB              	db 68
   6  04CB              	db 68
   6  04CC              	db 32
   6  04CC              	db 0
   6  04CD              	db 56
   6  04CD              	db 68
   6  04CE              	db 68
   6  04CE              	db 72
   6  04CF              	db 127
   6  04CF              	db 0
   6  04D0              	db 56
   6  04D0              	db 84
   6  04D1              	db 84
   6  04D1              	db 84
   6  04D2              	db 24
   6  04D2              	db 0
   6  04D3              	db 8
   6  04D3              	db 126
   6  04D4              	db 9
   6  04D4              	db 1
   6  04D5              	db 2
   6  04D5              	db 0
   6  04D6              	db 24
   6  04D6              	db -92
   6  04D7              	db -92
   6  04D7              	db -92
   6  04D8              	db 124
   6  04D8              	db 0
   6  04D9              	db 127
   6  04D9              	db 8
   6  04DA              	db 4
   6  04DA              	db 4
   6  04DB              	db 120
   6  04DB              	db 0
   6  04DC              	db 0
"File: oled_ku.c     Assembler  Version HGASM0202      Page 44

   6  04DC              	db 68
   6  04DD              	db 125
   6  04DD              	db 64
   6  04DE              	db 0
   6  04DE              	db 0
   6  04DF              	db 64
   6  04DF              	db -128
   6  04E0              	db -124
   6  04E0              	db 125
   6  04E1              	db 0
   6  04E1              	db 0
   6  04E2              	db 127
   6  04E2              	db 16
   6  04E3              	db 40
   6  04E3              	db 68
   6  04E4              	db 0
   6  04E4              	db 0
   6  04E5              	db 0
   6  04E5              	db 65
   6  04E6              	db 127
   6  04E6              	db 64
   6  04E7              	db 0
   6  04E7              	db 0
   6  04E8              	db 124
   6  04E8              	db 4
   6  04E9              	db 24
   6  04E9              	db 4
   6  04EA              	db 120
   6  04EA              	db 0
   6  04EB              	db 124
   6  04EB              	db 8
   6  04EC              	db 4
   6  04EC              	db 4
   6  04ED              	db 120
   6  04ED              	db 0
   6  04EE              	db 56
   6  04EE              	db 68
   6  04EF              	db 68
   6  04EF              	db 68
   6  04F0              	db 56
   6  04F0              	db 0
   6  04F1              	db -4
   6  04F1              	db 36
   6  04F2              	db 36
   6  04F2              	db 36
   6  04F3              	db 24
   6  04F3              	db 0
   6  04F4              	db 24
   6  04F4              	db 36
   6  04F5              	db 36
   6  04F5              	db 24
   6  04F6              	db -4
   6  04F6              	db 0
   6  04F7              	db 124
   6  04F7              	db 8
   6  04F8              	db 4
   6  04F8              	db 4
   6  04F9              	db 8
   6  04F9              	db 0
   6  04FA              	db 72
"File: oled_ku.c     Assembler  Version HGASM0202      Page 45

   6  04FA              	db 84
   6  04FB              	db 84
   6  04FB              	db 84
   6  04FC              	db 32
   6  04FC              	db 0
   6  04FD              	db 4
   6  04FD              	db 63
   6  04FE              	db 68
   6  04FE              	db 64
   6  04FF              	db 32
   6  04FF              	db 0
   6  0500              	db 60
   6  0500              	db 64
   6  0501              	db 64
   6  0501              	db 32
   6  0502              	db 124
   6  0502              	db 0
   6  0503              	db 28
   6  0503              	db 32
   6  0504              	db 64
   6  0504              	db 32
   6  0505              	db 28
   6  0505              	db 0
   6  0506              	db 60
   6  0506              	db 64
   6  0507              	db 48
   6  0507              	db 64
   6  0508              	db 60
   6  0508              	db 0
   6  0509              	db 68
   6  0509              	db 40
   6  050A              	db 16
   6  050A              	db 40
   6  050B              	db 68
   6  050B              	db 0
   6  050C              	db 28
   6  050C              	db -96
   6  050D              	db -96
   6  050D              	db -96
   6  050E              	db 124
   6  050E              	db 0
   6  050F              	db 68
   6  050F              	db 100
   6  0510              	db 84
   6  0510              	db 76
   6  0511              	db 68
   6  0511              	db 20
   6  0512              	db 20
   6  0512              	db 20
   6  0513              	db 20
   6  0513              	db 20
   6  0514              	db 20
   6  0514              
   6  0514              ; 
   6  0514              ; Generated by holtek-gcc v3.19, Tue Mar 23 10:58:04 2021
   6  0514              ; Rebuild 718
   6  0514              ; end of file


        0 Errors, 0