"File: protocol.c    Assembler  Version HGASM0202      Page 1


   1  0000              ; Generated by holtek-gcc v3.19, Thu Mar 25 17:36:00 2021
   2  0000              ; 
   3  0000              ; Configuration:
   4  0000              ;       with long instruction
   5  0000              ;       Multi-ROM, Multi-RAM
   6  0000              ;       bits_per_rom_unit:16
   7  0000              ;       with mp1
   8  0000              ;       with tbhp, address(0x9)
   9  0000              ;          Use tabrd-const
  10  0000              ;       
  11  0000              ; SFR address of long-instruction arch:
  12  0000              ;    mp0 = -1,1,0
  13  0000              ;    mp1 = 4,3,2
  14  0000              ;    mp2 = 14,13,12
  15  0000              ;    tbp = 9,7,8
  16  0000              ;    acc = 5
  17  0000              ;    pcl = 6
  18  0000              ;    status = 10
  19  0000              ;    bp = 11
  20  0000              ;    intc = 75
  21  0000              ;       
  22  0000              ;       
  23  0000              ; use 'tabrdc' instead of 'tabrd'
  24  0000              ;       
  25  0000              
  26  0000              #pragma translator "holtek-gcc 4.6.4" "3.19" "build 20130711"
  27  0000              ; Rebuild 718
  28  0000              
  29  0000              ir equ [2]
  30  0000              mp equ [3]
  31  0000              sbp equ [4]
  32  0000              acc equ [5]
  33  0000              bp equ [11]
  34  0000              tblp equ [7]
  35  0000              tbhp equ [9]
  36  0000              status equ [10]
  37  0000              c equ [10].0
  38  0000              ac equ [10].1
  39  0000              z equ [10].2
  40  0000              ov equ [10].3
  41  0000              cz equ [10].6
  42  0000              sc equ [10].7
  43  0000              intc equ [75]
  44  0000              
  45  0000              extern ra:byte
  46  0000              extern rb:byte
  47  0000              extern rc:byte
  48  0000              extern rd:byte
  49  0000              extern re:byte
  50  0000              extern rf:byte
  51  0000              extern rg:byte
  52  0000              extern rh:byte
  53  0000              extern _Crom2Prom:near
  54  0000              extern _Crom2PromNext:near
  55  0000              
  56  0000              RAMBANK 0 @BITDATASEC, @BITDATASEC1
  57  0000              @HCCINIT	.section 'data'
  58  0000              @HCCINIT0	.section 'data'
  59  0000              @BITDATASEC	 .section 'data'
"File: protocol.ASM  Assembler  Version HGASM0202      Page 2

  60  0000              @BITDATASEC1	 .section 'data'
  61  0000              
  62  0000              #pragma debug scope 1 1
  63  0000              	extern __DELAY3:near
  64  0000              	extern __DELAYX3:near
  65  0000              	extern __DELAYX6:near
  66  0000              	extern __DELAYY5:near
  67  0000              	extern __DELAYY3:near
  68  0000              	extern _builtin_holtek_delay_2:byte
  69  0000              ___usr equ [123]
  70  0000              ___acc equ [5]
  71  0000              ___txr_rxr equ [126]
  72  0000              public _uart_transmit_output
  73  0000              #pragma debug scope 2 1

 114  0000              #line 114 "E:\Project\17.HT66F4560_EVM_V1.0\CODE\HT66F4560_TuYa_FishTank_V1.0\mcu_sdk\protocol.c"
 114  0000              _uart_transmit_output .section 'code'
 114  0000              _uart_transmit_output proc
 114  0000  00              local _uart_transmit_output_2 db 1 dup(?)	; 0,1
 114  0000  0080     R  	mov _uart_transmit_output_2[0],a
 114  0001              #pragma debug variable 8 2 _uart_transmit_output_2+0 "value"
 115  0001              #line 115 "E:\Project\17.HT66F4560_EVM_V1.0\CODE\HT66F4560_TuYa_FishTank_V1.0\mcu_sdk\protocol.c"
 115  0001  077B        	mov a,[123]
 115  0002  0085        	mov [5],a
 116  0003              #line 116 "E:\Project\17.HT66F4560_EVM_V1.0\CODE\HT66F4560_TuYa_FishTank_V1.0\mcu_sdk\protocol.c"
 116  0003  0700     R  	mov a,_uart_transmit_output_2[0]
 116  0004  00FE        	mov [126],a
 116  0005              _L3:
 117  0005              #line 117 "E:\Project\17.HT66F4560_EVM_V1.0\CODE\HT66F4560_TuYa_FishTank_V1.0\mcu_sdk\protocol.c"
 117  0005  38FB        	snz [123].1
 117  0006  2800     R  	jmp _L3
 117  0007  0003        	ret
 117  0008              _uart_transmit_output endp
 117  0008              #line 117 "E:\Project\17.HT66F4560_EVM_V1.0\CODE\HT66F4560_TuYa_FishTank_V1.0\mcu_sdk\protocol.c"
 117  0008              #pragma debug scope 1 1
 117  0008              ___pf equ [363]
 117  0008              ___pc equ [87]
 117  0008              public _all_data_update
 117  0008              #pragma debug scope 3 1
 151  0008              #line 151 "E:\Project\17.HT66F4560_EVM_V1.0\CODE\HT66F4560_TuYa_FishTank_V1.0\mcu_sdk\protocol.c"
 151  0000              _all_data_update .section 'code'
 151  0000              _all_data_update proc
 175  0000              #line 175 "E:\Project\17.HT66F4560_EVM_V1.0\CODE\HT66F4560_TuYa_FishTank_V1.0\mcu_sdk\protocol.c"
 175  0000  3800     E  	snz _gbv_wifi_Send_Data_Is_300ms
 175  0001  2800     R  	jmp _L7
 177  0002              #line 177 "E:\Project\17.HT66F4560_EVM_V1.0\CODE\HT66F4560_TuYa_FishTank_V1.0\mcu_sdk\protocol.c"
 177  0002  3400     E  	clr _gbv_wifi_Send_Data_Is_300ms
 178  0003              #line 178 "E:\Project\17.HT66F4560_EVM_V1.0\CODE\HT66F4560_TuYa_FishTank_V1.0\mcu_sdk\protocol.c"
 178  0003  3800     E  	snz _gbv_wifi_Send_JDQ_Water
 178  0004  2800     R  	jmp _L8
 180  0005              #line 180 "E:\Project\17.HT66F4560_EVM_V1.0\CODE\HT66F4560_TuYa_FishTank_V1.0\mcu_sdk\protocol.c"
 180  0005  3400     E  	clr _gbv_wifi_Send_JDQ_Water
 181  0006              #line 181 "E:\Project\17.HT66F4560_EVM_V1.0\CODE\HT66F4560_TuYa_FishTank_V1.0\mcu_sdk\protocol.c"
 181  0006  1F00     E  	clr _mcu_dp_bool_update_2[0]
 181  0007  BD6B 0001   	lsz [363].2
 181  0009  1480     E  	inc _mcu_dp_bool_update_2[0]
 181  000A  0F6A        	mov a,106
 181  000B  2800     R  	jmp _L19
 181  000C              _L8:
 190  000C              #line 190 "E:\Project\17.HT66F4560_EVM_V1.0\CODE\HT66F4560_TuYa_FishTank_V1.0\mcu_sdk\protocol.c"
"File: protocol.c    Assembler  Version HGASM0202      Page 3

 190  000C  3800     E  	snz _gbv_wifi_Send_LED1
 190  000D  2800     R  	jmp _L9
 192  000E              #line 192 "E:\Project\17.HT66F4560_EVM_V1.0\CODE\HT66F4560_TuYa_FishTank_V1.0\mcu_sdk\protocol.c"
 192  000E  3400     E  	clr _gbv_wifi_Send_LED1
 193  000F              #line 193 "E:\Project\17.HT66F4560_EVM_V1.0\CODE\HT66F4560_TuYa_FishTank_V1.0\mcu_sdk\protocol.c"
 193  000F  1F00     E  	clr _mcu_dp_bool_update_2[0]
 193  0010  3CD7        	sz [87].1
 193  0011  1480     E  	inc _mcu_dp_bool_update_2[0]
 193  0012  0F69        	mov a,105
 193  0013              _L19:
 193  0013              	fcall _mcu_dp_bool_update
 193  001A  2800     R  	jmp _L7
 193  001B              _L9:
 196  001B              #line 196 "E:\Project\17.HT66F4560_EVM_V1.0\CODE\HT66F4560_TuYa_FishTank_V1.0\mcu_sdk\protocol.c"
 196  001B  3800     E  	snz _gbv_wifi_Send_FeedState
 196  001C  2800     R  	jmp _L10
 198  001D              #line 198 "E:\Project\17.HT66F4560_EVM_V1.0\CODE\HT66F4560_TuYa_FishTank_V1.0\mcu_sdk\protocol.c"
 198  001D  3400     E  	clr _gbv_wifi_Send_FeedState
 200  001E              #line 200 "E:\Project\17.HT66F4560_EVM_V1.0\CODE\HT66F4560_TuYa_FishTank_V1.0\mcu_sdk\protocol.c"
 200  001E  1F00     E  	clr _mcu_dp_enum_update_2[0]
 200  001F  3D57        	sz [87].2
 200  0020  1480     E  	inc _mcu_dp_enum_update_2[0]
 200  0021  0F04        	mov a,4
 200  0022              	fcall _mcu_dp_enum_update
 200  0029  2800     R  	jmp _L7
 200  002A              _L10:
 202  002A              #line 202 "E:\Project\17.HT66F4560_EVM_V1.0\CODE\HT66F4560_TuYa_FishTank_V1.0\mcu_sdk\protocol.c"
 202  002A  3800     E  	snz _gbv_wifi_send_FeedTimers
 202  002B  2800     R  	jmp _L7
 204  002C              #line 204 "E:\Project\17.HT66F4560_EVM_V1.0\CODE\HT66F4560_TuYa_FishTank_V1.0\mcu_sdk\protocol.c"
 204  002C  3400     E  	clr _gbv_wifi_send_FeedTimers
 205  002D              #line 205 "E:\Project\17.HT66F4560_EVM_V1.0\CODE\HT66F4560_TuYa_FishTank_V1.0\mcu_sdk\protocol.c"
 205  002D  0700     E  	mov a,_gu8v_FishFood_FeedTimers[0]
 205  002E  0080     E  	mov _mcu_dp_value_update_2[0],a
 205  002F  1F00     E  	clr _mcu_dp_value_update_2[1]
 205  0030  1F00     E  	clr _mcu_dp_value_update_2[2]
 205  0031  1F00     E  	clr _mcu_dp_value_update_2[3]
 205  0032  0F0F        	mov a,15
 205  0033              	fcall _mcu_dp_value_update
 205  003A              _L7:
 209  003A              #line 209 "E:\Project\17.HT66F4560_EVM_V1.0\CODE\HT66F4560_TuYa_FishTank_V1.0\mcu_sdk\protocol.c"
 209  003A  3800     E  	snz _gbv_TuYa_Send_Data_Is_10s
 209  003B  2800     R  	jmp _L5
 211  003C              #line 211 "E:\Project\17.HT66F4560_EVM_V1.0\CODE\HT66F4560_TuYa_FishTank_V1.0\mcu_sdk\protocol.c"
 211  003C  3400     E  	clr _gbv_TuYa_Send_Data_Is_10s
 213  003D              #line 213 "E:\Project\17.HT66F4560_EVM_V1.0\CODE\HT66F4560_TuYa_FishTank_V1.0\mcu_sdk\protocol.c"
 213  003D  0F64        	mov a,100
 213  003E  0080     E  	mov _mcu_dp_value_update_2[0],a
 213  003F  1F00     E  	clr _mcu_dp_value_update_2[1]
 213  0040  1F00     E  	clr _mcu_dp_value_update_2[2]
 213  0041  1F00     E  	clr _mcu_dp_value_update_2[3]
 213  0042  0F0B        	mov a,11
 213  0043              	fcall _mcu_dp_value_update
 214  004A              #line 214 "E:\Project\17.HT66F4560_EVM_V1.0\CODE\HT66F4560_TuYa_FishTank_V1.0\mcu_sdk\protocol.c"
 214  004A  0700     E  	mov a,_temp_N[0]
 214  004B  0080     E  	mov _mcu_dp_value_update_2[0],a
 214  004C  1F00     E  	clr _mcu_dp_value_update_2[1]
 214  004D  1F00     E  	clr _mcu_dp_value_update_2[2]
 214  004E  1F00     E  	clr _mcu_dp_value_update_2[3]
 214  004F  0F68        	mov a,104
"File: protocol.c    Assembler  Version HGASM0202      Page 4

 214  0050              	fcall _mcu_dp_value_update
 215  0057              #line 215 "E:\Project\17.HT66F4560_EVM_V1.0\CODE\HT66F4560_TuYa_FishTank_V1.0\mcu_sdk\protocol.c"
 215  0057  0700     E  	mov a,_DS18B20_Temp[0]
 215  0058  0080     E  	mov _builtin_holtek_udivmodhi4_2[0],a
 215  0059  0700     E  	mov a,_DS18B20_Temp[1]
 215  005A  0080     E  	mov _builtin_holtek_udivmodhi4_2[1],a
 215  005B  0FE8        	mov a,232
 215  005C  0080     E  	mov _builtin_holtek_udivmodhi4_2[2],a
 215  005D  0F03        	mov a,3
 215  005E  0080     E  	mov _builtin_holtek_udivmodhi4_2[3],a
 215  005F              	fcall _builtin_holtek_divmodhi4
 215  0066  0700     E  	mov a,_builtin_holtek_udivmodhi4_2[0]
 215  0067  0080     E  	mov rb,a
 215  0068  0700     E  	mov a,_builtin_holtek_udivmodhi4_2[1]
 215  0069  0080     E  	mov rc,a
 215  006A  0700     E  	mov a,rb
 215  006B  0080     E  	mov _mcu_dp_value_update_2[0],a
 215  006C  0700     E  	mov a,rc
 215  006D  0080     E  	mov _mcu_dp_value_update_2[1],a
 215  006E  1F05        	clr acc
 215  006F  3C00     E  	sz _mcu_dp_value_update_2[1].7
 215  0070  1F85        	set acc
 215  0071  0080     E  	mov _mcu_dp_value_update_2[2],a
 215  0072  0080     E  	mov _mcu_dp_value_update_2[3],a
 215  0073  0F66        	mov a,102
 215  0074              	fcall _mcu_dp_value_update
 217  007B              #line 217 "E:\Project\17.HT66F4560_EVM_V1.0\CODE\HT66F4560_TuYa_FishTank_V1.0\mcu_sdk\protocol.c"
 217  007B              	fcall _mcu_get_system_time
 217  0082              _L5:
 217  0082  0003        	ret
 217  0083              _all_data_update endp
 217  0083              #line 217 "E:\Project\17.HT66F4560_EVM_V1.0\CODE\HT66F4560_TuYa_FishTank_V1.0\mcu_sdk\protocol.c"
 217  0083              #pragma debug scope 1 1
 217  0083              public _dp_download_handle
 217  0083              #pragma debug scope 4 1
 681  0083              #line 681 "E:\Project\17.HT66F4560_EVM_V1.0\CODE\HT66F4560_TuYa_FishTank_V1.0\mcu_sdk\protocol.c"
 681  0000              _dp_download_handle .section 'code'
 681  0000              _dp_download_handle proc
 681  0000              public _dp_download_handle_2
 681  0000  0005[           local _dp_download_handle_2 db 5 dup(?)	; 4,1
            00
            ]
 681  0000  0080     E  	mov ra,a
 681  0001  0080     R  	mov _dp_download_handle_2[4],a
 681  0002              #pragma debug variable 8 4 _dp_download_handle_2+4 "dpid"
 681  0002              #pragma debug pointer 42 8 4
 681  0002              #pragma debug pointer 42 8 4
 681  0002              #pragma debug variable 42 4 _dp_download_handle_2+0 "value"
 681  0002              #pragma debug variable 10 4 _dp_download_handle_2+2 "length"
 688  0002              #line 688 "E:\Project\17.HT66F4560_EVM_V1.0\CODE\HT66F4560_TuYa_FishTank_V1.0\mcu_sdk\protocol.c"
 688  0002  0700     E  	mov a,ra
 688  0003  0A03        	sub a,3
 688  0004  3D0A        	sz z
 688  0005  2800     R  	jmp _L22
 688  0006  0A62        	sub a,(101)-(3)
 688  0007  3D0A        	sz z
 688  0008  2800     R  	jmp _L23
 688  0009              #line 688 "E:\Project\17.HT66F4560_EVM_V1.0\CODE\HT66F4560_TuYa_FishTank_V1.0\mcu_sdk\protocol.c"
 688  0009  0700     E  	mov a,ra
 688  000A  0A69        	sub a,105
"File: protocol.c    Assembler  Version HGASM0202      Page 5

 688  000B  3D0A        	sz z
 688  000C  2800     R  	jmp _L24
 688  000D  0A01        	sub a,(106)-(105)
 688  000E  3D0A        	sz z
 688  000F  2800     R  	jmp _L25
 688  0010  0700     E  	mov a,ra
 688  0011  0A6B        	sub a,107
 688  0012  3D0A        	sz z
 688  0013  2800     R  	jmp _L26
 688  0014  0A01        	sub a,(108)-(107)
 688  0015  3D0A        	sz z
 688  0016  2800     R  	jmp _L27
 688  0017  0700     E  	mov a,ra
 688  0018  0A6D        	sub a,109
 688  0019  3D0A        	sz z
 688  001A  2800     R  	jmp _L28
 688  001B  0A01        	sub a,(110)-(109)
 688  001C  3D0A        	sz z
 688  001D  2800     R  	jmp _L29
 688  001E  0700     E  	mov a,ra
 688  001F  0A6F        	sub a,111
 688  0020  3D0A        	sz z
 688  0021  2800     R  	jmp _L30
 688  0022  0A01        	sub a,(112)-(111)
 688  0023  3D0A        	sz z
 688  0024  2800     R  	jmp _L31
 688  0025  0700     E  	mov a,ra
 688  0026  0A71        	sub a,113
 688  0027  3D0A        	sz z
 688  0028  2800     R  	jmp _L32
 688  0029  0A01        	sub a,(114)-(113)
 688  002A  3D0A        	sz z
 688  002B  2800     R  	jmp _L33
 688  002C  0700     E  	mov a,ra
 688  002D  0A73        	sub a,115
 688  002E  3D0A        	sz z
 688  002F  2800     R  	jmp _L34
 688  0030  0700     E  	mov a,ra
 688  0031  0A74        	sub a,116
 688  0032  390A        	snz z
 688  0033  2800     R  	jmp _L99
 688  0034              #pragma debug scope 5 4
 688  0034              ;begin block, line: 688.-1
 688  0034              #pragma debug scope 6 5
 688  0034              ;begin block, line: 688.-1
 303  0034              #line 303 "E:\Project\17.HT66F4560_EVM_V1.0\CODE\HT66F4560_TuYa_FishTank_V1.0\mcu_sdk\protocol.c"
 303  0034  0700     R  	mov a,_dp_download_handle_2[2]
 303  0035  0080     E  	mov _mcu_get_dp_download_bool_2[2],a
 303  0036  0700     R  	mov a,_dp_download_handle_2[3]
 303  0037  0080     E  	mov _mcu_get_dp_download_bool_2[3],a
 303  0038  0700     R  	mov a,_dp_download_handle_2[0]
 303  0039  0080     E  	mov _mcu_get_dp_download_bool_2[0],a
 303  003A  0700     R  	mov a,_dp_download_handle_2[1]
 303  003B  0080     E  	mov _mcu_get_dp_download_bool_2[1],a
 303  003C              	fcall _mcu_get_dp_download_bool
 303  0043  0080     E  	mov ra,a
 316  0044              #line 316 "E:\Project\17.HT66F4560_EVM_V1.0\CODE\HT66F4560_TuYa_FishTank_V1.0\mcu_sdk\protocol.c"
 316  0044  0700     E  	mov a,ra
 316  0045  0080     E  	mov _mcu_dp_bool_update_2[0],a
 316  0046  0F74        	mov a,116
"File: protocol.c    Assembler  Version HGASM0202      Page 6

 316  0047  2800     R  	jmp _L102
 316  0048              _L22:
 316  0048              #pragma debug scope 5 4
 316  0048              #pragma debug scope 4 1
 316  0048              #pragma debug scope 7 4
 316  0048              ;begin block, line: 316.-1
 316  0048              #pragma debug scope 8 7
 316  0048              ;begin block, line: 316.-1
 241  0048              #line 241 "E:\Project\17.HT66F4560_EVM_V1.0\CODE\HT66F4560_TuYa_FishTank_V1.0\mcu_sdk\protocol.c"
 241  0048  0700     R  	mov a,_dp_download_handle_2[2]
 241  0049  0080     E  	mov _mcu_get_dp_download_value_2[2],a
 241  004A  0700     R  	mov a,_dp_download_handle_2[3]
 241  004B  0080     E  	mov _mcu_get_dp_download_value_2[3],a
 241  004C  0700     R  	mov a,_dp_download_handle_2[0]
 241  004D  0080     E  	mov _mcu_get_dp_download_value_2[0],a
 241  004E  0700     R  	mov a,_dp_download_handle_2[1]
 241  004F  0080     E  	mov _mcu_get_dp_download_value_2[1],a
 241  0050              	fcall _mcu_get_dp_download_value
 248  0057              #line 248 "E:\Project\17.HT66F4560_EVM_V1.0\CODE\HT66F4560_TuYa_FishTank_V1.0\mcu_sdk\protocol.c"
 248  0057  0700     E  	mov a,ra
 248  0058  0080     E  	mov _mcu_dp_value_update_2[0],a
 248  0059  0700     E  	mov a,rb
 248  005A  0080     E  	mov _mcu_dp_value_update_2[1],a
 248  005B  0700     E  	mov a,rc
 248  005C  0080     E  	mov _mcu_dp_value_update_2[2],a
 248  005D  0700     E  	mov a,rd
 248  005E  0080     E  	mov _mcu_dp_value_update_2[3],a
 248  005F  0F03        	mov a,3
 248  0060  2800     R  	jmp _L101
 248  0061              _L23:
 248  0061              #pragma debug scope 7 4
 248  0061              #pragma debug scope 4 1
 248  0061              #pragma debug scope 9 4
 248  0061              ;begin block, line: 248.-1
 248  0061              #pragma debug scope 10 9
 248  0061              ;begin block, line: 248.-1
 269  0061              #line 269 "E:\Project\17.HT66F4560_EVM_V1.0\CODE\HT66F4560_TuYa_FishTank_V1.0\mcu_sdk\protocol.c"
 269  0061  0700     R  	mov a,_dp_download_handle_2[2]
 269  0062  0080     E  	mov _mcu_get_dp_download_bool_2[2],a
 269  0063  0700     R  	mov a,_dp_download_handle_2[3]
 269  0064  0080     E  	mov _mcu_get_dp_download_bool_2[3],a
 269  0065  0700     R  	mov a,_dp_download_handle_2[0]
 269  0066  0080     E  	mov _mcu_get_dp_download_bool_2[0],a
 269  0067  0700     R  	mov a,_dp_download_handle_2[1]
 269  0068  0080     E  	mov _mcu_get_dp_download_bool_2[1],a
 269  0069              	fcall _mcu_get_dp_download_bool
 269  0070  0080     E  	mov ra,a
 282  0071              #line 282 "E:\Project\17.HT66F4560_EVM_V1.0\CODE\HT66F4560_TuYa_FishTank_V1.0\mcu_sdk\protocol.c"
 282  0071  0700     E  	mov a,ra
 282  0072  0080     E  	mov _mcu_dp_bool_update_2[0],a
 282  0073  0F65        	mov a,101
 282  0074  2800     R  	jmp _L102
 282  0075              _L24:
 282  0075              #pragma debug scope 9 4
 282  0075              #pragma debug scope 4 1
 282  0075              #pragma debug scope 11 4
 282  0075              ;begin block, line: 282.-1
 282  0075              #pragma debug scope 12 11
 282  0075              ;begin block, line: 282.-1
 337  0075              #line 337 "E:\Project\17.HT66F4560_EVM_V1.0\CODE\HT66F4560_TuYa_FishTank_V1.0\mcu_sdk\protocol.c"
"File: protocol.c    Assembler  Version HGASM0202      Page 7

 337  0075  0700     R  	mov a,_dp_download_handle_2[2]
 337  0076  0080     E  	mov _mcu_get_dp_download_bool_2[2],a
 337  0077  0700     R  	mov a,_dp_download_handle_2[3]
 337  0078  0080     E  	mov _mcu_get_dp_download_bool_2[3],a
 337  0079  0700     R  	mov a,_dp_download_handle_2[0]
 337  007A  0080     E  	mov _mcu_get_dp_download_bool_2[0],a
 337  007B  0700     R  	mov a,_dp_download_handle_2[1]
 337  007C  0080     E  	mov _mcu_get_dp_download_bool_2[1],a
 337  007D              	fcall _mcu_get_dp_download_bool
 337  0084  0080     E  	mov ra,a
 338  0085              #line 338 "E:\Project\17.HT66F4560_EVM_V1.0\CODE\HT66F4560_TuYa_FishTank_V1.0\mcu_sdk\protocol.c"
 338  0085  1080     E  	sz ra
 338  0086  2800     R  	jmp _L39
 341  0087              #line 341 "E:\Project\17.HT66F4560_EVM_V1.0\CODE\HT66F4560_TuYa_FishTank_V1.0\mcu_sdk\protocol.c"
 341  0087  34D7        	clr [87].1
 342  0088              #line 342 "E:\Project\17.HT66F4560_EVM_V1.0\CODE\HT66F4560_TuYa_FishTank_V1.0\mcu_sdk\protocol.c"
 342  0088  B7EB 0001   	lclr [363].7
 342  008A  2800     R  	jmp _L40
 342  008B              _L39:
 346  008B              #line 346 "E:\Project\17.HT66F4560_EVM_V1.0\CODE\HT66F4560_TuYa_FishTank_V1.0\mcu_sdk\protocol.c"
 346  008B  30D7        	set [87].1
 347  008C              #line 347 "E:\Project\17.HT66F4560_EVM_V1.0\CODE\HT66F4560_TuYa_FishTank_V1.0\mcu_sdk\protocol.c"
 347  008C  B3EB 0001   	lset [363].7
 347  008E              _L40:
 351  008E              #line 351 "E:\Project\17.HT66F4560_EVM_V1.0\CODE\HT66F4560_TuYa_FishTank_V1.0\mcu_sdk\protocol.c"
 351  008E  0700     E  	mov a,ra
 351  008F  0080     E  	mov _mcu_dp_bool_update_2[0],a
 351  0090  0F69        	mov a,105
 351  0091  2800     R  	jmp _L102
 351  0092              _L25:
 351  0092              #pragma debug scope 11 4
 351  0092              #pragma debug scope 4 1
 351  0092              #pragma debug scope 13 4
 351  0092              ;begin block, line: 351.-1
 351  0092              #pragma debug scope 14 13
 351  0092              ;begin block, line: 351.-1
 372  0092              #line 372 "E:\Project\17.HT66F4560_EVM_V1.0\CODE\HT66F4560_TuYa_FishTank_V1.0\mcu_sdk\protocol.c"
 372  0092  0700     R  	mov a,_dp_download_handle_2[2]
 372  0093  0080     E  	mov _mcu_get_dp_download_bool_2[2],a
 372  0094  0700     R  	mov a,_dp_download_handle_2[3]
 372  0095  0080     E  	mov _mcu_get_dp_download_bool_2[3],a
 372  0096  0700     R  	mov a,_dp_download_handle_2[0]
 372  0097  0080     E  	mov _mcu_get_dp_download_bool_2[0],a
 372  0098  0700     R  	mov a,_dp_download_handle_2[1]
 372  0099  0080     E  	mov _mcu_get_dp_download_bool_2[1],a
 372  009A              	fcall _mcu_get_dp_download_bool
 372  00A1  0080     E  	mov ra,a
 373  00A2              #line 373 "E:\Project\17.HT66F4560_EVM_V1.0\CODE\HT66F4560_TuYa_FishTank_V1.0\mcu_sdk\protocol.c"
 373  00A2  1080     E  	sz ra
 373  00A3  2800     R  	jmp _L42
 376  00A4              #line 376 "E:\Project\17.HT66F4560_EVM_V1.0\CODE\HT66F4560_TuYa_FishTank_V1.0\mcu_sdk\protocol.c"
 376  00A4  B56B 0001   	lclr [363].2
 376  00A6  2800     R  	jmp _L43
 376  00A7              _L42:
 380  00A7              #line 380 "E:\Project\17.HT66F4560_EVM_V1.0\CODE\HT66F4560_TuYa_FishTank_V1.0\mcu_sdk\protocol.c"
 380  00A7  B16B 0001   	lset [363].2
 380  00A9              _L43:
 387  00A9              #line 387 "E:\Project\17.HT66F4560_EVM_V1.0\CODE\HT66F4560_TuYa_FishTank_V1.0\mcu_sdk\protocol.c"
 387  00A9  0700     E  	mov a,ra
 387  00AA  0080     E  	mov _mcu_dp_bool_update_2[0],a
"File: protocol.c    Assembler  Version HGASM0202      Page 8

 387  00AB  0F6A        	mov a,106
 387  00AC  2800     R  	jmp _L102
 387  00AD              _L26:
 387  00AD              #pragma debug scope 13 4
 387  00AD              #pragma debug scope 4 1
 387  00AD              #pragma debug scope 15 4
 387  00AD              ;begin block, line: 387.-1
 387  00AD              #pragma debug scope 16 15
 387  00AD              ;begin block, line: 387.-1
 408  00AD              #line 408 "E:\Project\17.HT66F4560_EVM_V1.0\CODE\HT66F4560_TuYa_FishTank_V1.0\mcu_sdk\protocol.c"
 408  00AD  0700     R  	mov a,_dp_download_handle_2[2]
 408  00AE  0080     E  	mov _mcu_get_dp_download_bool_2[2],a
 408  00AF  0700     R  	mov a,_dp_download_handle_2[3]
 408  00B0  0080     E  	mov _mcu_get_dp_download_bool_2[3],a
 408  00B1  0700     R  	mov a,_dp_download_handle_2[0]
 408  00B2  0080     E  	mov _mcu_get_dp_download_bool_2[0],a
 408  00B3  0700     R  	mov a,_dp_download_handle_2[1]
 408  00B4  0080     E  	mov _mcu_get_dp_download_bool_2[1],a
 408  00B5              	fcall _mcu_get_dp_download_bool
 408  00BC  0080     E  	mov ra,a
 418  00BD              #line 418 "E:\Project\17.HT66F4560_EVM_V1.0\CODE\HT66F4560_TuYa_FishTank_V1.0\mcu_sdk\protocol.c"
 418  00BD  0700     E  	mov a,ra
 418  00BE  0080     E  	mov _mcu_dp_bool_update_2[0],a
 418  00BF  0F6B        	mov a,107
 418  00C0  2800     R  	jmp _L102
 418  00C1              _L27:
 418  00C1              #pragma debug scope 15 4
 418  00C1              #pragma debug scope 4 1
 418  00C1              #pragma debug scope 17 4
 418  00C1              ;begin block, line: 418.-1
 418  00C1              #pragma debug scope 18 17
 418  00C1              ;begin block, line: 418.-1
 439  00C1              #line 439 "E:\Project\17.HT66F4560_EVM_V1.0\CODE\HT66F4560_TuYa_FishTank_V1.0\mcu_sdk\protocol.c"
 439  00C1  0700     R  	mov a,_dp_download_handle_2[2]
 439  00C2  0080     E  	mov _mcu_get_dp_download_bool_2[2],a
 439  00C3  0700     R  	mov a,_dp_download_handle_2[3]
 439  00C4  0080     E  	mov _mcu_get_dp_download_bool_2[3],a
 439  00C5  0700     R  	mov a,_dp_download_handle_2[0]
 439  00C6  0080     E  	mov _mcu_get_dp_download_bool_2[0],a
 439  00C7  0700     R  	mov a,_dp_download_handle_2[1]
 439  00C8  0080     E  	mov _mcu_get_dp_download_bool_2[1],a
 439  00C9              	fcall _mcu_get_dp_download_bool
 439  00D0  0080     E  	mov ra,a
 449  00D1              #line 449 "E:\Project\17.HT66F4560_EVM_V1.0\CODE\HT66F4560_TuYa_FishTank_V1.0\mcu_sdk\protocol.c"
 449  00D1  0700     E  	mov a,ra
 449  00D2  0080     E  	mov _mcu_dp_bool_update_2[0],a
 449  00D3  0F6C        	mov a,108
 449  00D4  2800     R  	jmp _L102
 449  00D5              _L28:
 449  00D5              #pragma debug scope 17 4
 449  00D5              #pragma debug scope 4 1
 449  00D5              #pragma debug scope 19 4
 449  00D5              ;begin block, line: 449.-1
 449  00D5              #pragma debug scope 20 19
 449  00D5              ;begin block, line: 449.-1
 470  00D5              #line 470 "E:\Project\17.HT66F4560_EVM_V1.0\CODE\HT66F4560_TuYa_FishTank_V1.0\mcu_sdk\protocol.c"
 470  00D5  0700     R  	mov a,_dp_download_handle_2[2]
 470  00D6  0080     E  	mov _mcu_get_dp_download_bool_2[2],a
 470  00D7  0700     R  	mov a,_dp_download_handle_2[3]
 470  00D8  0080     E  	mov _mcu_get_dp_download_bool_2[3],a
"File: protocol.c    Assembler  Version HGASM0202      Page 9

 470  00D9  0700     R  	mov a,_dp_download_handle_2[0]
 470  00DA  0080     E  	mov _mcu_get_dp_download_bool_2[0],a
 470  00DB  0700     R  	mov a,_dp_download_handle_2[1]
 470  00DC  0080     E  	mov _mcu_get_dp_download_bool_2[1],a
 470  00DD              	fcall _mcu_get_dp_download_bool
 470  00E4  0080     E  	mov ra,a
 480  00E5              #line 480 "E:\Project\17.HT66F4560_EVM_V1.0\CODE\HT66F4560_TuYa_FishTank_V1.0\mcu_sdk\protocol.c"
 480  00E5  0700     E  	mov a,ra
 480  00E6  0080     E  	mov _mcu_dp_bool_update_2[0],a
 480  00E7  0F6D        	mov a,109
 480  00E8  2800     R  	jmp _L102
 480  00E9              _L29:
 480  00E9              #pragma debug scope 19 4
 480  00E9              #pragma debug scope 4 1
 480  00E9              #pragma debug scope 21 4
 480  00E9              ;begin block, line: 480.-1
 480  00E9              #pragma debug scope 22 21
 480  00E9              ;begin block, line: 480.-1
 501  00E9              #line 501 "E:\Project\17.HT66F4560_EVM_V1.0\CODE\HT66F4560_TuYa_FishTank_V1.0\mcu_sdk\protocol.c"
 501  00E9  0700     R  	mov a,_dp_download_handle_2[2]
 501  00EA  0080     E  	mov _mcu_get_dp_download_bool_2[2],a
 501  00EB  0700     R  	mov a,_dp_download_handle_2[3]
 501  00EC  0080     E  	mov _mcu_get_dp_download_bool_2[3],a
 501  00ED  0700     R  	mov a,_dp_download_handle_2[0]
 501  00EE  0080     E  	mov _mcu_get_dp_download_bool_2[0],a
 501  00EF  0700     R  	mov a,_dp_download_handle_2[1]
 501  00F0  0080     E  	mov _mcu_get_dp_download_bool_2[1],a
 501  00F1              	fcall _mcu_get_dp_download_bool
 501  00F8  0080     E  	mov ra,a
 511  00F9              #line 511 "E:\Project\17.HT66F4560_EVM_V1.0\CODE\HT66F4560_TuYa_FishTank_V1.0\mcu_sdk\protocol.c"
 511  00F9  0700     E  	mov a,ra
 511  00FA  0080     E  	mov _mcu_dp_bool_update_2[0],a
 511  00FB  0F6E        	mov a,110
 511  00FC  2800     R  	jmp _L102
 511  00FD              _L30:
 511  00FD              #pragma debug scope 21 4
 511  00FD              #pragma debug scope 4 1
 511  00FD              #pragma debug scope 23 4
 511  00FD              ;begin block, line: 511.-1
 511  00FD              #pragma debug scope 24 23
 511  00FD              ;begin block, line: 511.-1
 532  00FD              #line 532 "E:\Project\17.HT66F4560_EVM_V1.0\CODE\HT66F4560_TuYa_FishTank_V1.0\mcu_sdk\protocol.c"
 532  00FD  0700     R  	mov a,_dp_download_handle_2[2]
 532  00FE  0080     E  	mov _mcu_get_dp_download_bool_2[2],a
 532  00FF  0700     R  	mov a,_dp_download_handle_2[3]
 532  0100  0080     E  	mov _mcu_get_dp_download_bool_2[3],a
 532  0101  0700     R  	mov a,_dp_download_handle_2[0]
 532  0102  0080     E  	mov _mcu_get_dp_download_bool_2[0],a
 532  0103  0700     R  	mov a,_dp_download_handle_2[1]
 532  0104  0080     E  	mov _mcu_get_dp_download_bool_2[1],a
 532  0105              	fcall _mcu_get_dp_download_bool
 532  010C  0080     E  	mov ra,a
 542  010D              #line 542 "E:\Project\17.HT66F4560_EVM_V1.0\CODE\HT66F4560_TuYa_FishTank_V1.0\mcu_sdk\protocol.c"
 542  010D  0700     E  	mov a,ra
 542  010E  0080     E  	mov _mcu_dp_bool_update_2[0],a
 542  010F  0F6F        	mov a,111
 542  0110  2800     R  	jmp _L102
 542  0111              _L31:
 542  0111              #pragma debug scope 23 4
 542  0111              #pragma debug scope 4 1
"File: protocol.c    Assembler  Version HGASM0202      Page 10

 542  0111              #pragma debug scope 25 4
 542  0111              ;begin block, line: 542.-1
 542  0111              #pragma debug scope 26 25
 542  0111              ;begin block, line: 542.-1
 562  0111              #line 562 "E:\Project\17.HT66F4560_EVM_V1.0\CODE\HT66F4560_TuYa_FishTank_V1.0\mcu_sdk\protocol.c"
 562  0111  0700     R  	mov a,_dp_download_handle_2[2]
 562  0112  0080     E  	mov _mcu_get_dp_download_value_2[2],a
 562  0113  0700     R  	mov a,_dp_download_handle_2[3]
 562  0114  0080     E  	mov _mcu_get_dp_download_value_2[3],a
 562  0115  0700     R  	mov a,_dp_download_handle_2[0]
 562  0116  0080     E  	mov _mcu_get_dp_download_value_2[0],a
 562  0117  0700     R  	mov a,_dp_download_handle_2[1]
 562  0118  0080     E  	mov _mcu_get_dp_download_value_2[1],a
 562  0119              	fcall _mcu_get_dp_download_value
 569  0120              #line 569 "E:\Project\17.HT66F4560_EVM_V1.0\CODE\HT66F4560_TuYa_FishTank_V1.0\mcu_sdk\protocol.c"
 569  0120  0700     E  	mov a,ra
 569  0121  0080     E  	mov _mcu_dp_value_update_2[0],a
 569  0122  0700     E  	mov a,rb
 569  0123  0080     E  	mov _mcu_dp_value_update_2[1],a
 569  0124  0700     E  	mov a,rc
 569  0125  0080     E  	mov _mcu_dp_value_update_2[2],a
 569  0126  0700     E  	mov a,rd
 569  0127  0080     E  	mov _mcu_dp_value_update_2[3],a
 569  0128  0F70        	mov a,112
 569  0129  2800     R  	jmp _L101
 569  012A              _L32:
 569  012A              #pragma debug scope 25 4
 569  012A              #pragma debug scope 4 1
 569  012A              #pragma debug scope 27 4
 569  012A              ;begin block, line: 569.-1
 569  012A              #pragma debug scope 28 27
 569  012A              ;begin block, line: 569.-1
 590  012A              #line 590 "E:\Project\17.HT66F4560_EVM_V1.0\CODE\HT66F4560_TuYa_FishTank_V1.0\mcu_sdk\protocol.c"
 590  012A  0700     R  	mov a,_dp_download_handle_2[2]
 590  012B  0080     E  	mov _mcu_get_dp_download_bool_2[2],a
 590  012C  0700     R  	mov a,_dp_download_handle_2[3]
 590  012D  0080     E  	mov _mcu_get_dp_download_bool_2[3],a
 590  012E  0700     R  	mov a,_dp_download_handle_2[0]
 590  012F  0080     E  	mov _mcu_get_dp_download_bool_2[0],a
 590  0130  0700     R  	mov a,_dp_download_handle_2[1]
 590  0131  0080     E  	mov _mcu_get_dp_download_bool_2[1],a
 590  0132              	fcall _mcu_get_dp_download_bool
 590  0139  0080     E  	mov ra,a
 594  013A              #line 594 "E:\Project\17.HT66F4560_EVM_V1.0\CODE\HT66F4560_TuYa_FishTank_V1.0\mcu_sdk\protocol.c"
 594  013A  B1EB 0001   	lset [363].3
 602  013C              #line 602 "E:\Project\17.HT66F4560_EVM_V1.0\CODE\HT66F4560_TuYa_FishTank_V1.0\mcu_sdk\protocol.c"
 602  013C  0700     E  	mov a,ra
 602  013D  0080     E  	mov _mcu_dp_bool_update_2[0],a
 602  013E  0F71        	mov a,113
 602  013F              _L102:
 602  013F              	fcall _mcu_dp_bool_update
 602  0146  2800     R  	jmp _L100
 602  0147              _L33:
 602  0147              #pragma debug scope 27 4
 602  0147              #pragma debug scope 4 1
 602  0147              #pragma debug scope 29 4
 602  0147              ;begin block, line: 602.-1
 602  0147              #pragma debug scope 30 29
 602  0147              ;begin block, line: 602.-1
 622  0147              #line 622 "E:\Project\17.HT66F4560_EVM_V1.0\CODE\HT66F4560_TuYa_FishTank_V1.0\mcu_sdk\protocol.c"
"File: protocol.c    Assembler  Version HGASM0202      Page 11

 622  0147  0700     R  	mov a,_dp_download_handle_2[2]
 622  0148  0080     E  	mov _mcu_get_dp_download_value_2[2],a
 622  0149  0700     R  	mov a,_dp_download_handle_2[3]
 622  014A  0080     E  	mov _mcu_get_dp_download_value_2[3],a
 622  014B  0700     R  	mov a,_dp_download_handle_2[0]
 622  014C  0080     E  	mov _mcu_get_dp_download_value_2[0],a
 622  014D  0700     R  	mov a,_dp_download_handle_2[1]
 622  014E  0080     E  	mov _mcu_get_dp_download_value_2[1],a
 622  014F              	fcall _mcu_get_dp_download_value
 629  0156              #line 629 "E:\Project\17.HT66F4560_EVM_V1.0\CODE\HT66F4560_TuYa_FishTank_V1.0\mcu_sdk\protocol.c"
 629  0156  0700     E  	mov a,ra
 629  0157  0080     E  	mov _mcu_dp_value_update_2[0],a
 629  0158  0700     E  	mov a,rb
 629  0159  0080     E  	mov _mcu_dp_value_update_2[1],a
 629  015A  0700     E  	mov a,rc
 629  015B  0080     E  	mov _mcu_dp_value_update_2[2],a
 629  015C  0700     E  	mov a,rd
 629  015D  0080     E  	mov _mcu_dp_value_update_2[3],a
 629  015E  0F72        	mov a,114
 629  015F  2800     R  	jmp _L101
 629  0160              _L34:
 629  0160              #pragma debug scope 29 4
 629  0160              #pragma debug scope 4 1
 629  0160              #pragma debug scope 31 4
 629  0160              ;begin block, line: 629.-1
 629  0160              #pragma debug scope 32 31
 629  0160              ;begin block, line: 629.-1
 649  0160              #line 649 "E:\Project\17.HT66F4560_EVM_V1.0\CODE\HT66F4560_TuYa_FishTank_V1.0\mcu_sdk\protocol.c"
 649  0160  0700     R  	mov a,_dp_download_handle_2[2]
 649  0161  0080     E  	mov _mcu_get_dp_download_value_2[2],a
 649  0162  0700     R  	mov a,_dp_download_handle_2[3]
 649  0163  0080     E  	mov _mcu_get_dp_download_value_2[3],a
 649  0164  0700     R  	mov a,_dp_download_handle_2[0]
 649  0165  0080     E  	mov _mcu_get_dp_download_value_2[0],a
 649  0166  0700     R  	mov a,_dp_download_handle_2[1]
 649  0167  0080     E  	mov _mcu_get_dp_download_value_2[1],a
 649  0168              	fcall _mcu_get_dp_download_value
 656  016F              #line 656 "E:\Project\17.HT66F4560_EVM_V1.0\CODE\HT66F4560_TuYa_FishTank_V1.0\mcu_sdk\protocol.c"
 656  016F  0700     E  	mov a,ra
 656  0170  0080     E  	mov _mcu_dp_value_update_2[0],a
 656  0171  0700     E  	mov a,rb
 656  0172  0080     E  	mov _mcu_dp_value_update_2[1],a
 656  0173  0700     E  	mov a,rc
 656  0174  0080     E  	mov _mcu_dp_value_update_2[2],a
 656  0175  0700     E  	mov a,rd
 656  0176  0080     E  	mov _mcu_dp_value_update_2[3],a
 656  0177  0F73        	mov a,115
 656  0178              _L101:
 656  0178              	fcall _mcu_dp_value_update
 656  017F              _L100:
 656  017F  0080     E  	mov rb,a
 657  0180              #line 657 "E:\Project\17.HT66F4560_EVM_V1.0\CODE\HT66F4560_TuYa_FishTank_V1.0\mcu_sdk\protocol.c"
 657  0180  0F01        	mov a,1
 657  0181  0080     E  	mov ra,a
 657  0182  1700     E  	sdza rb
 657  0183  2800     R  	jmp _LI1
 657  0184  2800     R  	jmp _L21
 657  0185              _LI1:
 657  0185              _L99:
 657  0185              #pragma debug scope 31 4
"File: protocol.c    Assembler  Version HGASM0202      Page 12

 657  0185              #pragma debug scope 4 1
 687  0185              #line 687 "E:\Project\17.HT66F4560_EVM_V1.0\CODE\HT66F4560_TuYa_FishTank_V1.0\mcu_sdk\protocol.c"
 687  0185  1F00     E  	clr ra
 687  0186              _L21:
 750  0186              #line 750 "E:\Project\17.HT66F4560_EVM_V1.0\CODE\HT66F4560_TuYa_FishTank_V1.0\mcu_sdk\protocol.c"
 750  0186  0700     E  	mov a,ra
 750  0187  0003        	ret
 750  0188              _dp_download_handle endp
 750  0188              #line 750 "E:\Project\17.HT66F4560_EVM_V1.0\CODE\HT66F4560_TuYa_FishTank_V1.0\mcu_sdk\protocol.c"
 750  0188              #pragma debug scope 1 1
 750  0188              public _get_download_cmd_total
 750  0188              #pragma debug scope 33 1
 759  0188              #line 759 "E:\Project\17.HT66F4560_EVM_V1.0\CODE\HT66F4560_TuYa_FishTank_V1.0\mcu_sdk\protocol.c"
 759  0000              _get_download_cmd_total .section 'code'
 759  0000              _get_download_cmd_total proc
 761  0000              #line 761 "E:\Project\17.HT66F4560_EVM_V1.0\CODE\HT66F4560_TuYa_FishTank_V1.0\mcu_sdk\protocol.c"
 761  0000  0F13        	mov a,19
 761  0001  0003        	ret
 761  0002              _get_download_cmd_total endp
 761  0002              #line 761 "E:\Project\17.HT66F4560_EVM_V1.0\CODE\HT66F4560_TuYa_FishTank_V1.0\mcu_sdk\protocol.c"
 761  0002              #pragma debug scope 1 1
 761  0002              public _mcu_write_rtctime
 761  0002              #pragma debug scope 34 1
 847  0002              #line 847 "E:\Project\17.HT66F4560_EVM_V1.0\CODE\HT66F4560_TuYa_FishTank_V1.0\mcu_sdk\protocol.c"
 847  0000              _mcu_write_rtctime .section 'code'
 847  0000              _mcu_write_rtctime proc
 847  0000              public _mcu_write_rtctime_2
 847  0000  0002[           local _mcu_write_rtctime_2 db 2 dup(?)	; 2,0
            00
            ]
 847  0002              #pragma debug pointer 43 8 34
 847  0002              #pragma debug pointer 43 8 34
 847  0002              #pragma debug variable 43 34 _mcu_write_rtctime_2+0 "time1"
 859  0002              #line 859 "E:\Project\17.HT66F4560_EVM_V1.0\CODE\HT66F4560_TuYa_FishTank_V1.0\mcu_sdk\protocol.c"
 859  0000  0700     R  	mov a,_mcu_write_rtctime_2[0]
 859  0001  0080     E  	mov rb,a
 859  0002  0700     R  	mov a,_mcu_write_rtctime_2[1]
 859  0003  0080     E  	mov rc,a
 859  0004  0700     E  	mov a,rb
 859  0005  0083        	mov mp,a
 859  0006  0700     E  	mov a,rc
 859  0007  0084        	mov sbp,a
 859  0008              	fcall _Crom2Prom
 859  000F  0080     E  	mov ra,a
 859  0010  1700     E  	sdza ra
 859  0011  2800     R  	jmp _L104
 863  0012              #line 863 "E:\Project\17.HT66F4560_EVM_V1.0\CODE\HT66F4560_TuYa_FishTank_V1.0\mcu_sdk\protocol.c"
 863  0012  0F01        	mov a,1
 863  0013  0300     E  	add a,rb
 863  0014  0083        	mov mp,a
 863  0015  0F00        	mov a,0
 863  0016  1300     E  	adc a,rc
 863  0017  0084        	mov sbp,a
 863  0018              	fcall _Crom2Prom
 863  001F  0080     E  	mov _time[0],a
 864  0020              #line 864 "E:\Project\17.HT66F4560_EVM_V1.0\CODE\HT66F4560_TuYa_FishTank_V1.0\mcu_sdk\protocol.c"
 864  0020  0F07        	mov a,7
 864  0021  0300     E  	add a,rb
 864  0022  0083        	mov mp,a
 864  0023  0F00        	mov a,0
"File: protocol.c    Assembler  Version HGASM0202      Page 13

 864  0024  1300     E  	adc a,rc
 864  0025  0084        	mov sbp,a
 864  0026              	fcall _Crom2Prom
 864  002D  0080     E  	mov _time[1],a
 865  002E              #line 865 "E:\Project\17.HT66F4560_EVM_V1.0\CODE\HT66F4560_TuYa_FishTank_V1.0\mcu_sdk\protocol.c"
 865  002E  0F02        	mov a,2
 865  002F  0300     E  	add a,rb
 865  0030  0083        	mov mp,a
 865  0031  0F00        	mov a,0
 865  0032  1300     E  	adc a,rc
 865  0033  0084        	mov sbp,a
 865  0034              	fcall _Crom2Prom
 865  003B  0080     E  	mov _time[2],a
 866  003C              #line 866 "E:\Project\17.HT66F4560_EVM_V1.0\CODE\HT66F4560_TuYa_FishTank_V1.0\mcu_sdk\protocol.c"
 866  003C  0F03        	mov a,3
 866  003D  0300     E  	add a,rb
 866  003E  0083        	mov mp,a
 866  003F  0F00        	mov a,0
 866  0040  1300     E  	adc a,rc
 866  0041  0084        	mov sbp,a
 866  0042              	fcall _Crom2Prom
 866  0049  0080     E  	mov _time[3],a
 867  004A              #line 867 "E:\Project\17.HT66F4560_EVM_V1.0\CODE\HT66F4560_TuYa_FishTank_V1.0\mcu_sdk\protocol.c"
 867  004A  0F04        	mov a,4
 867  004B  0300     E  	add a,rb
 867  004C  0083        	mov mp,a
 867  004D  0F00        	mov a,0
 867  004E  1300     E  	adc a,rc
 867  004F  0084        	mov sbp,a
 867  0050              	fcall _Crom2Prom
 867  0057  0080     E  	mov _time[4],a
 868  0058              #line 868 "E:\Project\17.HT66F4560_EVM_V1.0\CODE\HT66F4560_TuYa_FishTank_V1.0\mcu_sdk\protocol.c"
 868  0058  0F05        	mov a,5
 868  0059  0300     E  	add a,rb
 868  005A  0083        	mov mp,a
 868  005B  0F00        	mov a,0
 868  005C  1300     E  	adc a,rc
 868  005D  0084        	mov sbp,a
 868  005E              	fcall _Crom2Prom
 868  0065  0080     E  	mov _time[5],a
 869  0066              #line 869 "E:\Project\17.HT66F4560_EVM_V1.0\CODE\HT66F4560_TuYa_FishTank_V1.0\mcu_sdk\protocol.c"
 869  0066  0F06        	mov a,6
 869  0067  0300     E  	add a,rb
 869  0068  0083        	mov mp,a
 869  0069  0F00        	mov a,0
 869  006A  1300     E  	adc a,rc
 869  006B  0084        	mov sbp,a
 869  006C              	fcall _Crom2Prom
 869  0073  0080     E  	mov _time[6],a
 869  0074              _L104:
 869  0074  0003        	ret
 869  0075              _mcu_write_rtctime endp
 869  0075              #line 869 "E:\Project\17.HT66F4560_EVM_V1.0\CODE\HT66F4560_TuYa_FishTank_V1.0\mcu_sdk\protocol.c"
 869  0075              #pragma debug scope 1 1
 869  0075              public _wifi_test_result
 869  0075              #pragma debug scope 35 1
 888  0075              #line 888 "E:\Project\17.HT66F4560_EVM_V1.0\CODE\HT66F4560_TuYa_FishTank_V1.0\mcu_sdk\protocol.c"
 888  0000              _wifi_test_result .section 'code'
 888  0000              _wifi_test_result proc
 888  0000              public _wifi_test_result_2
"File: protocol.c    Assembler  Version HGASM0202      Page 14

 888  0000  0002[           local _wifi_test_result_2 db 2 dup(?)	; 1,1
            00
            ]
 888  0002              #pragma debug variable 8 35 _wifi_test_result_2+1 "result"
 888  0002              #pragma debug variable 8 35 _wifi_test_result_2+0 "rssi"
 888  0000  0003        	ret
 888  0001              _wifi_test_result endp
 888  0001              #line 888 "E:\Project\17.HT66F4560_EVM_V1.0\CODE\HT66F4560_TuYa_FishTank_V1.0\mcu_sdk\protocol.c"
 888  0001              #pragma debug scope 1 1
 888  0001              public _get_wifi_status
 888  0001              #pragma debug scope 36 1
1037  0001              #line 1037 "E:\Project\17.HT66F4560_EVM_V1.0\CODE\HT66F4560_TuYa_FishTank_V1.0\mcu_sdk\protocol.c"
1037  0000              _get_wifi_status .section 'code'
1037  0000              _get_wifi_status proc
1037  0000  00              local _get_wifi_status_2 db 1 dup(?)	; 0,1
1037  0001              #pragma debug variable 8 36 _get_wifi_status_2+0 "result"
1037  0000  0003        	ret
1037  0001              _get_wifi_status endp
1037  0001              #line 1037 "E:\Project\17.HT66F4560_EVM_V1.0\CODE\HT66F4560_TuYa_FishTank_V1.0\mcu_sdk\protocol.c"
1037  0001              #pragma debug scope 1 1
1037  0001              public _open_module_time_serve_result
1037  0001              #pragma debug scope 37 1
1294  0001              #line 1294 "E:\Project\17.HT66F4560_EVM_V1.0\CODE\HT66F4560_TuYa_FishTank_V1.0\mcu_sdk\protocol.c"
1294  0000              _open_module_time_serve_result .section 'code'
1294  0000              _open_module_time_serve_result proc
1294  0000              public _open_module_time_serve_result_2
1294  0000  000C[           local _open_module_time_serve_result_2 db 12 dup(?)	; 4,8
            00
            ]
1294  000C              #pragma debug pointer 44 8 37
1294  000C              #pragma debug pointer 44 8 37
1294  000C              #pragma debug variable 44 37 _open_module_time_serve_result_2+0 "value"
1294  000C              #pragma debug variable 10 37 _open_module_time_serve_result_2+2 "length"
1298  000C              #line 1298 "E:\Project\17.HT66F4560_EVM_V1.0\CODE\HT66F4560_TuYa_FishTank_V1.0\mcu_sdk\protocol.c"
1298  0000  0700     R  	mov a,_open_module_time_serve_result_2[0]
1298  0001  0083        	mov mp,a
1298  0002  0700     R  	mov a,_open_module_time_serve_result_2[1]
1298  0003  0084        	mov sbp,a
1298  0004              	fcall _Crom2Prom
1298  000B  0080     R  	mov _open_module_time_serve_result_2[11],a
1298  000C  0700     R  	mov a,_open_module_time_serve_result_2[11]
1298  000D  0A02        	sub a,2
1298  000E  3D0A        	sz z
1298  000F  2800     R  	jmp _L110
1298  0010              #line 1298 "E:\Project\17.HT66F4560_EVM_V1.0\CODE\HT66F4560_TuYa_FishTank_V1.0\mcu_sdk\protocol.c"
1298  0010  0700     R  	mov a,_open_module_time_serve_result_2[11]
1298  0011  0A05        	sub a,5
1298  0012  390A        	snz z
1298  0013  2800     R  	jmp _L108
1298  0014  2800     R  	jmp _L114
1298  0015              _L110:
1298  0015              #pragma debug scope 38 37
1298  0015              ;begin block, line: 1298.-1
1298  0015              #pragma debug array 45 8 7 38
1298  0015              #pragma debug array 45 8 7 38
1298  0015              #pragma debug variable 45 38 _open_module_time_serve_result_2+4 "time_data"
1314  0015              #line 1314 "E:\Project\17.HT66F4560_EVM_V1.0\CODE\HT66F4560_TuYa_FishTank_V1.0\mcu_sdk\protocol.c"
1314  0015  0700     R  	mov a,_open_module_time_serve_result_2[2]
1314  0016  0C09        	xor a,9
1314  0017  0500     R  	or a,_open_module_time_serve_result_2[3]
"File: protocol.c    Assembler  Version HGASM0202      Page 15

1314  0018  390A        	snz z
1314  0019  2800     R  	jmp _L108
1322  001A              #line 1322 "E:\Project\17.HT66F4560_EVM_V1.0\CODE\HT66F4560_TuYa_FishTank_V1.0\mcu_sdk\protocol.c"
1322  001A  0F07        	mov a,7
1322  001B  0080     E  	mov _my_memcpy_2[4],a
1322  001C  1F00     E  	clr _my_memcpy_2[5]
1322  001D  0F02        	mov a,2
1322  001E  0300     R  	add a,_open_module_time_serve_result_2[0]
1322  001F  0080     E  	mov _my_memcpy_2[2],a
1322  0020  0F00        	mov a,0
1322  0021  1300     R  	adc a,_open_module_time_serve_result_2[1]
1322  0022  0080     E  	mov _my_memcpy_2[3],a
1322  0023  0F00     R  	mov a,low offset _open_module_time_serve_result_2
1322  0024  0080     E  	mov ra,a
1322  0025  0F00     R  	mov a,high offset _open_module_time_serve_result_2
1322  0026  0080     E  	mov rb,a
1322  0027  0F04        	mov a,4
1322  0028  0300     E  	add a,ra
1322  0029  0080     E  	mov _my_memcpy_2[0],a
1322  002A  0F00        	mov a,0
1322  002B  1300     E  	adc a,rb
1322  002C  0080     E  	mov _my_memcpy_2[1],a
1322  002D              	fcall _my_memcpy
1336  0034              #line 1336 "E:\Project\17.HT66F4560_EVM_V1.0\CODE\HT66F4560_TuYa_FishTank_V1.0\mcu_sdk\protocol.c"
1336  0034  0F02        	mov a,2
1336  0035  0080     E  	mov _set_wifi_uart_byte_2[2],a
1336  0036  2800     R  	jmp _L113
1336  0037              _L114:
1336  0037              #pragma debug scope 37 1
1336  0037              #pragma debug scope 39 37
1336  0037              ;begin block, line: 1336.-1
1370  0037              #line 1370 "E:\Project\17.HT66F4560_EVM_V1.0\CODE\HT66F4560_TuYa_FishTank_V1.0\mcu_sdk\protocol.c"
1370  0037  0700     R  	mov a,_open_module_time_serve_result_2[2]
1370  0038  0C02        	xor a,2
1370  0039  0500     R  	or a,_open_module_time_serve_result_2[3]
1370  003A  390A        	snz z
1370  003B  2800     R  	jmp _L108
1392  003C              #line 1392 "E:\Project\17.HT66F4560_EVM_V1.0\CODE\HT66F4560_TuYa_FishTank_V1.0\mcu_sdk\protocol.c"
1392  003C  0F05        	mov a,5
1392  003D  0080     E  	mov _set_wifi_uart_byte_2[2],a
1392  003E              _L113:
1392  003E  1F00     E  	clr _set_wifi_uart_byte_2[0]
1392  003F  1F00     E  	clr _set_wifi_uart_byte_2[1]
1392  0040              	fcall _set_wifi_uart_byte
1393  0047              #line 1393 "E:\Project\17.HT66F4560_EVM_V1.0\CODE\HT66F4560_TuYa_FishTank_V1.0\mcu_sdk\protocol.c"
1393  0047  0700     E  	mov a,ra
1393  0048  0080     E  	mov _wifi_uart_write_frame_2[1],a
1393  0049  0700     E  	mov a,rb
1393  004A  0080     E  	mov _wifi_uart_write_frame_2[2],a
1393  004B  0F03        	mov a,3
1393  004C  0080     E  	mov _wifi_uart_write_frame_2[0],a
1393  004D  0F34        	mov a,52
1393  004E              	fcall _wifi_uart_write_frame
1393  0055              _L108:
1393  0055              #pragma debug scope 37 1
1393  0055  0003        	ret
1393  0056              _open_module_time_serve_result endp
1393  0056              #line 1393 "E:\Project\17.HT66F4560_EVM_V1.0\CODE\HT66F4560_TuYa_FishTank_V1.0\mcu_sdk\protocol.c"
1393  0056              #pragma debug scope 1 1
1393  0056              public _download_cmd
"File: protocol.c    Assembler  Version HGASM0202      Page 16

1393  0000              @crom	.section 'crom'
  78  0000              #line 78 "E:\Project\17.HT66F4560_EVM_V1.0\CODE\HT66F4560_TuYa_FishTank_V1.0\mcu_sdk\protocol.c"
  78  0000              @crom	.section	'crom'
  78  0000              _download_cmd:
  78  0000              #pragma debug struct_end
  78  0000              #pragma debug struct_end
  78  0000              #pragma debug array 47 46 19 1
  78  0000              #pragma debug array 47 46 19 1
  78  0000              #pragma debug variable 47 1 _download_cmd "download_cmd"
  78  0000              	db 3
  78  0001              	db 2
  78  0001              	db 4
  78  0002              	db 4
  78  0002              	db 11
  78  0003              	db 2
  78  0003              	db 15
  78  0004              	db 2
  78  0004              	db 101
  78  0005              	db 1
  78  0005              	db 102
  78  0006              	db 2
  78  0006              	db 116
  78  0007              	db 1
  78  0007              	db 104
  78  0008              	db 2
  78  0008              	db 105
  78  0009              	db 1
  78  0009              	db 106
  78  000A              	db 1
  78  000A              	db 107
  78  000B              	db 1
  78  000B              	db 108
  78  000C              	db 1
  78  000C              	db 109
  78  000D              	db 1
  78  000D              	db 110
  78  000E              	db 1
  78  000E              	db 111
  78  000F              	db 1
  78  000F              	db 112
  78  0010              	db 2
  78  0010              	db 113
  78  0011              	db 1
  78  0011              	db 114
  78  0012              	db 2
  78  0012              	db 115
  78  0013              	db 2
  78  0013              #pragma debug variable 8 1 ___acc "__acc" 1
  78  0013              #pragma debug struct_end
  78  0013              #pragma debug struct_end
  78  0013              #pragma debug union_end
  78  0013              #pragma debug union_end
  78  0013              #pragma debug variable 49 1 ___pc "__pc" 1
  78  0013              #pragma debug struct_end
  78  0013              #pragma debug struct_end
  78  0013              #pragma debug union_end
  78  0013              #pragma debug union_end
  78  0013              #pragma debug variable 51 1 ___usr "__usr" 1
  78  0013              #pragma debug struct_end
  78  0013              #pragma debug struct_end
"File: protocol.c    Assembler  Version HGASM0202      Page 17

  78  0013              #pragma debug union_end
  78  0013              #pragma debug union_end
  78  0013              #pragma debug variable 53 1 ___txr_rxr "__txr_rxr" 1
  78  0013              #pragma debug struct_end
  78  0013              #pragma debug struct_end
  78  0013              #pragma debug union_end
  78  0013              #pragma debug union_end
  78  0013              #pragma debug variable 55 1 ___pf "__pf" 1
  78  0013              
  78  0013              ; output external variables
  78  0013              extern _time:byte
  78  0013              extern _DS18B20_Temp:byte
  78  0013              extern _temp_N:byte
  78  0013              extern _gbv_TuYa_Send_Data_Is_10s:bit
  78  0013              extern _gu8v_FishFood_FeedTimers:byte
  78  0013              extern _gbv_wifi_send_FeedTimers:bit
  78  0013              extern _gbv_wifi_Send_FeedState:bit
  78  0013              extern _gbv_wifi_Send_LED1:bit
  78  0013              extern _gbv_wifi_Send_JDQ_Water:bit
  78  0013              extern _gbv_wifi_Send_Data_Is_300ms:bit
  78  0013              extern _mcu_dp_bool_update_2:byte
  78  0013              extern _mcu_dp_bool_update:near
  78  0013              extern _mcu_dp_enum_update_2:byte
  78  0013              extern _mcu_dp_enum_update:near
  78  0013              extern _mcu_dp_value_update_2:byte
  78  0013              extern _mcu_dp_value_update:near
  78  0013              extern _builtin_holtek_divmodhi4:near
  78  0013              extern _builtin_holtek_udivmodhi4_2:byte
  78  0013              extern _builtin_holtek_udivmodhi4:near
  78  0013              extern _mcu_get_system_time:near
  78  0013              extern _mcu_get_dp_download_bool_2:byte
  78  0013              extern _mcu_get_dp_download_bool:near
  78  0013              extern _mcu_get_dp_download_value_2:byte
  78  0013              extern _mcu_get_dp_download_value:near
  78  0013              extern _my_memcpy_2:byte
  78  0013              extern _my_memcpy:near
  78  0013              extern _set_wifi_uart_byte_2:byte
  78  0013              extern _set_wifi_uart_byte:near
  78  0013              extern _wifi_uart_write_frame_2:byte
  78  0013              extern _wifi_uart_write_frame:near
  78  0013              
  78  0013              ; 
  78  0013              ; Generated by holtek-gcc v3.19, Thu Mar 25 17:36:00 2021
  78  0013              ; Rebuild 718
  78  0013              ; end of file


        0 Errors, 0